<?xml version="1.0" encoding="UTF-8"?>
<!-- Generated by org.testng.reporters.JUnitXMLReporter -->
<testsuite hostname="Eidan-Desktop" name="Chrome" tests="10" failures="1" timestamp="13 Aug 2018 08:48:53 GMT" time="88.59" errors="0">
  <testcase name="AboutPageContent" time="17.675" classname="com.cloudents.AutomationTest.CloudentsAutoTests">
    <failure type="java.lang.AssertionError" message="expected [https://dev.spitball.co/reps] but found [https://dev.spitball.co/partners]">
      <![CDATA[java.lang.AssertionError: expected [https://dev.spitball.co/reps] but found [https://dev.spitball.co/partners]
	at com.cloudents.AutomationTest.CloudentsAutoTests.AboutPageContent(CloudentsAutoTests.java:275)
	at java.util.concurrent.FutureTask.run(FutureTask.java:266)
	at java.util.concurrent.ThreadPoolExecutor.runWorker(ThreadPoolExecutor.java:1149)
	at java.util.concurrent.ThreadPoolExecutor$Worker.run(ThreadPoolExecutor.java:624)
	at java.lang.Thread.run(Thread.java:748)
... Removed 21 stack frames]]>
    </failure>
  </testcase> <!-- AboutPageContent -->
  <testcase name="DefaultHomePage" time="2.519" classname="com.cloudents.AutomationTest.CloudentsAutoTests"/>
  <testcase name="FAQPageContent" time="21.21" classname="com.cloudents.AutomationTest.CloudentsAutoTests"/>
  <testcase name="MainTabsNavigation" time="13.942" classname="com.cloudents.AutomationTest.CloudentsAutoTests"/>
  <testcase name="PartnersPageContent" time="1.507" classname="com.cloudents.AutomationTest.CloudentsAutoTests"/>
  <testcase name="PrivacyPageContent" time="6.533" classname="com.cloudents.AutomationTest.CloudentsAutoTests"/>
  <testcase name="RepsPageContent" time="1.985" classname="com.cloudents.AutomationTest.CloudentsAutoTests"/>
  <testcase name="TermsPageContent" time="6.919" classname="com.cloudents.AutomationTest.CloudentsAutoTests"/>
  <testcase name="loginNavigation" time="2.555" classname="com.cloudents.AutomationTest.CloudentsAutoTests"/>
  <testcase name="signUpNavigation" time="9.293" classname="com.cloudents.AutomationTest.CloudentsAutoTests"/>
</testsuite> <!-- Chrome -->
