<?xml version="1.0" encoding="UTF-8"?>
<!-- Generated by org.testng.reporters.JUnitXMLReporter -->
<testsuite hostname="Eidan-Desktop" name="Firefox" tests="10" failures="4" timestamp="13 Aug 2018 08:49:07 GMT" time="102.429" errors="0">
  <testcase name="AboutPageContent" time="16.445" classname="com.cloudents.AutomationTest.CloudentsAutoTests">
    <failure type="java.lang.AssertionError" message="expected [https://dev.spitball.co/partners] but found [https://dev.spitball.co/blog]">
      <![CDATA[java.lang.AssertionError: expected [https://dev.spitball.co/partners] but found [https://dev.spitball.co/blog]
	at com.cloudents.AutomationTest.CloudentsAutoTests.AboutPageContent(CloudentsAutoTests.java:270)
	at java.util.concurrent.FutureTask.run(FutureTask.java:266)
	at java.util.concurrent.ThreadPoolExecutor.runWorker(ThreadPoolExecutor.java:1149)
	at java.util.concurrent.ThreadPoolExecutor$Worker.run(ThreadPoolExecutor.java:624)
	at java.lang.Thread.run(Thread.java:748)
... Removed 21 stack frames]]>
    </failure>
  </testcase> <!-- AboutPageContent -->
  <testcase name="DefaultHomePage" time="4.59" classname="com.cloudents.AutomationTest.CloudentsAutoTests"/>
  <testcase name="FAQPageContent" time="25.787" classname="com.cloudents.AutomationTest.CloudentsAutoTests"/>
  <testcase name="MainTabsNavigation" time="11.019" classname="com.cloudents.AutomationTest.CloudentsAutoTests">
    <failure type="java.lang.AssertionError" message="expected [https://dev.spitball.co/tutor?q=] but found [https://dev.spitball.co/flashcard?q=]">
      <![CDATA[java.lang.AssertionError: expected [https://dev.spitball.co/tutor?q=] but found [https://dev.spitball.co/flashcard?q=]
	at com.cloudents.AutomationTest.CloudentsAutoTests.MainTabsNavigation(CloudentsAutoTests.java:125)
	at java.util.concurrent.FutureTask.run(FutureTask.java:266)
	at java.util.concurrent.ThreadPoolExecutor.runWorker(ThreadPoolExecutor.java:1149)
	at java.util.concurrent.ThreadPoolExecutor$Worker.run(ThreadPoolExecutor.java:624)
	at java.lang.Thread.run(Thread.java:748)
... Removed 21 stack frames]]>
    </failure>
  </testcase> <!-- MainTabsNavigation -->
  <testcase name="PartnersPageContent" time="5.258" classname="com.cloudents.AutomationTest.CloudentsAutoTests"/>
  <testcase name="PrivacyPageContent" time="1.984" classname="com.cloudents.AutomationTest.CloudentsAutoTests">
    <failure type="java.lang.AssertionError" message="expected [https://www.spitball.co/ask] but found [https://dev.spitball.co/privacy]">
      <![CDATA[java.lang.AssertionError: expected [https://www.spitball.co/ask] but found [https://dev.spitball.co/privacy]
	at com.cloudents.AutomationTest.CloudentsAutoTests.checkNewWindowAddress(CloudentsAutoTests.java:441)
	at com.cloudents.AutomationTest.CloudentsAutoTests.PrivacyPageContent(CloudentsAutoTests.java:403)
	at java.util.concurrent.FutureTask.run(FutureTask.java:266)
	at java.util.concurrent.ThreadPoolExecutor.runWorker(ThreadPoolExecutor.java:1149)
	at java.util.concurrent.ThreadPoolExecutor$Worker.run(ThreadPoolExecutor.java:624)
	at java.lang.Thread.run(Thread.java:748)
... Removed 21 stack frames]]>
    </failure>
  </testcase> <!-- PrivacyPageContent -->
  <testcase name="RepsPageContent" time="0.824" classname="com.cloudents.AutomationTest.CloudentsAutoTests"/>
  <testcase name="TermsPageContent" time="6.177" classname="com.cloudents.AutomationTest.CloudentsAutoTests">
    <failure type="java.lang.AssertionError" message="expected [https://www.copyright.gov/legislation/dmca.pdf] but found [https://www.spitball.co/ask]">
      <![CDATA[java.lang.AssertionError: expected [https://www.copyright.gov/legislation/dmca.pdf] but found [https://www.spitball.co/ask]
	at com.cloudents.AutomationTest.CloudentsAutoTests.checkNewWindowAddress(CloudentsAutoTests.java:441)
	at com.cloudents.AutomationTest.CloudentsAutoTests.TermsPageContent(CloudentsAutoTests.java:359)
	at java.util.concurrent.FutureTask.run(FutureTask.java:266)
	at java.util.concurrent.ThreadPoolExecutor.runWorker(ThreadPoolExecutor.java:1149)
	at java.util.concurrent.ThreadPoolExecutor$Worker.run(ThreadPoolExecutor.java:624)
	at java.lang.Thread.run(Thread.java:748)
... Removed 21 stack frames]]>
    </failure>
  </testcase> <!-- TermsPageContent -->
  <testcase name="loginNavigation" time="4.772" classname="com.cloudents.AutomationTest.CloudentsAutoTests"/>
  <testcase name="signUpNavigation" time="8.507" classname="com.cloudents.AutomationTest.CloudentsAutoTests"/>
</testsuite> <!-- Firefox -->
