<?xml version="1.0" encoding="UTF-8"?>
<!-- Generated by org.testng.reporters.JUnitXMLReporter -->
<testsuite hostname="Eidan-Desktop" name="SafariTest" tests="19" failures="0" timestamp="29 Aug 2018 11:31:46 GMT" time="0.0" errors="0">
  <testcase name="@BeforeClass setup" time="0.0" classname="com.cloudents.AutomationTest.CloudentsAutoTests">
    <failure type="org.openqa.selenium.NoSuchSessionException" message="Session ID is null. Using WebDriver after calling quit()?
Build info: version: &amp;apos;3.14.0&amp;apos;, revision: &amp;apos;aacccce0&amp;apos;, time: &amp;apos;2018-08-02T20:19:58.91Z&amp;apos;
System info: host: &amp;apos;EIDAN-DESKTOP&amp;apos;, ip: &amp;apos;192.168.2.62&amp;apos;, os.name: &amp;apos;Windows 10&amp;apos;, os.arch: &amp;apos;amd64&amp;apos;, os.version: &amp;apos;10.0&amp;apos;, java.version: &amp;apos;1.8.0_181&amp;apos;
Driver info: driver.version: RemoteWebDriver">
      <![CDATA[org.openqa.selenium.NoSuchSessionException: Session ID is null. Using WebDriver after calling quit()?
Build info: version: '3.14.0', revision: 'aacccce0', time: '2018-08-02T20:19:58.91Z'
System info: host: 'EIDAN-DESKTOP', ip: '192.168.2.62', os.name: 'Windows 10', os.arch: 'amd64', os.version: '10.0', java.version: '1.8.0_181'
Driver info: driver.version: RemoteWebDriver
	at org.openqa.selenium.remote.HttpCommandExecutor.execute(HttpCommandExecutor.java:125)
	at org.openqa.selenium.remote.service.DriverCommandExecutor.execute(DriverCommandExecutor.java:83)
	at org.openqa.selenium.remote.RemoteWebDriver.execute(RemoteWebDriver.java:548)
	at org.openqa.selenium.remote.RemoteWebDriver.execute(RemoteWebDriver.java:605)
	at org.openqa.selenium.remote.RemoteWebDriver.getWindowHandle(RemoteWebDriver.java:468)
	at com.cloudents.AutomationTest.CloudentsAutoTests.setup(CloudentsAutoTests.java:50)
... Removed 28 stack frames]]>
    </failure>
  </testcase> <!-- @BeforeClass setup -->
  <testcase name="@AfterClass cleanupTestSeries" time="0.0" classname="com.cloudents.AutomationTest.CloudentsAutoTests">
    <skipped/>
  </testcase> <!-- @AfterClass cleanupTestSeries -->
  <testcase name="FAQ" time="0.0" classname="com.cloudents.AutomationTest.CloudentsAutoTests">
    <skipped/>
  </testcase> <!-- FAQ -->
  <testcase name="about" time="0.0" classname="com.cloudents.AutomationTest.CloudentsAutoTests">
    <skipped/>
  </testcase> <!-- about -->
  <testcase name="contact" time="0.0" classname="com.cloudents.AutomationTest.CloudentsAutoTests">
    <skipped/>
  </testcase> <!-- contact -->
  <testcase name="flashcards" time="0.0" classname="com.cloudents.AutomationTest.CloudentsAutoTests">
    <skipped/>
  </testcase> <!-- flashcards -->
  <testcase name="global" time="0.0" classname="com.cloudents.AutomationTest.CloudentsAutoTests">
    <skipped/>
  </testcase> <!-- global -->
  <testcase name="homePage" time="0.0" classname="com.cloudents.AutomationTest.CloudentsAutoTests">
    <skipped/>
  </testcase> <!-- homePage -->
  <testcase name="homeworkHelp" time="0.0" classname="com.cloudents.AutomationTest.CloudentsAutoTests">
    <skipped/>
  </testcase> <!-- homeworkHelp -->
  <testcase name="jobs" time="0.0" classname="com.cloudents.AutomationTest.CloudentsAutoTests">
    <skipped/>
  </testcase> <!-- jobs -->
  <testcase name="login" time="0.0" classname="com.cloudents.AutomationTest.CloudentsAutoTests">
    <skipped/>
  </testcase> <!-- login -->
  <testcase name="mainTabs" time="0.0" classname="com.cloudents.AutomationTest.CloudentsAutoTests">
    <skipped/>
  </testcase> <!-- mainTabs -->
  <testcase name="partners" time="0.0" classname="com.cloudents.AutomationTest.CloudentsAutoTests">
    <skipped/>
  </testcase> <!-- partners -->
  <testcase name="privacy" time="0.0" classname="com.cloudents.AutomationTest.CloudentsAutoTests">
    <skipped/>
  </testcase> <!-- privacy -->
  <testcase name="reps" time="0.0" classname="com.cloudents.AutomationTest.CloudentsAutoTests">
    <skipped/>
  </testcase> <!-- reps -->
  <testcase name="signUp" time="0.0" classname="com.cloudents.AutomationTest.CloudentsAutoTests">
    <skipped/>
  </testcase> <!-- signUp -->
  <testcase name="studyDocuments" time="0.0" classname="com.cloudents.AutomationTest.CloudentsAutoTests">
    <skipped/>
  </testcase> <!-- studyDocuments -->
  <testcase name="terms" time="0.0" classname="com.cloudents.AutomationTest.CloudentsAutoTests">
    <skipped/>
  </testcase> <!-- terms -->
  <testcase name="textbooks" time="0.0" classname="com.cloudents.AutomationTest.CloudentsAutoTests">
    <skipped/>
  </testcase> <!-- textbooks -->
  <testcase name="token" time="0.0" classname="com.cloudents.AutomationTest.CloudentsAutoTests">
    <skipped/>
  </testcase> <!-- token -->
  <testcase name="tutors" time="0.0" classname="com.cloudents.AutomationTest.CloudentsAutoTests">
    <skipped/>
  </testcase> <!-- tutors -->
</testsuite> <!-- SafariTest -->
