<?xml version="1.0" encoding="UTF-8"?>
<testsuite xmlns:xsi="http://www.w3.org/2001/XMLSchema-instance" xsi:noNamespaceSchemaLocation="https://maven.apache.org/surefire/maven-surefire-plugin/xsd/surefire-test-report.xsd" name="TestSuite" time="304.462" tests="103" errors="0" skipped="80" failures="10">
  <properties>
[...]
</properties>
  <testcase name="FAQ" classname="com.cloudents.AutomationTest.CloudentsAutoTests" time="22.763"/>
  <testcase name="FAQ" classname="com.cloudents.AutomationTest.CloudentsAutoTests" time="0">
    <skipped/>
  </testcase>
  <testcase name="FAQ" classname="com.cloudents.AutomationTest.CloudentsAutoTests" time="0">
    <skipped/>
  </testcase>
  <testcase name="FAQ" classname="com.cloudents.AutomationTest.CloudentsAutoTests" time="0">
    <skipped/>
  </testcase>
  <testcase name="FAQ" classname="com.cloudents.AutomationTest.CloudentsAutoTests" time="0">
    <skipped/>
  </testcase>
  <testcase name="about" classname="com.cloudents.AutomationTest.CloudentsAutoTests" time="49.259">
    <failure message="expected [https://dev.spitball.co/contact] but found [https://dev.spitball.co/about]" type="java.lang.AssertionError">java.lang.AssertionError: expected [https://dev.spitball.co/contact] but found [https://dev.spitball.co/about]
	at com.cloudents.AutomationTest.CloudentsAutoTests.contact(CloudentsAutoTests.java:464)
	at com.cloudents.AutomationTest.CloudentsAutoTests.about(CloudentsAutoTests.java:383)
</failure>
    <system-out><![CDATA[https://medium.com/@spitballstudy
https://www.spitball.co/ask
https://marketingplatform.google.com/about/
https://www.copyright.gov/legislation/dmca.pdf
]]></system-out>
  </testcase>
  <testcase name="about" classname="com.cloudents.AutomationTest.CloudentsAutoTests" time="0">
    <skipped/>
  </testcase>
  <testcase name="about" classname="com.cloudents.AutomationTest.CloudentsAutoTests" time="0">
    <skipped/>
  </testcase>
  <testcase name="about" classname="com.cloudents.AutomationTest.CloudentsAutoTests" time="0">
    <skipped/>
  </testcase>
  <testcase name="about" classname="com.cloudents.AutomationTest.CloudentsAutoTests" time="0">
    <skipped/>
  </testcase>
  <testcase name="contact" classname="com.cloudents.AutomationTest.CloudentsAutoTests" time="29.661"/>
  <testcase name="contact" classname="com.cloudents.AutomationTest.CloudentsAutoTests" time="0">
    <skipped/>
  </testcase>
  <testcase name="contact" classname="com.cloudents.AutomationTest.CloudentsAutoTests" time="0">
    <skipped/>
  </testcase>
  <testcase name="contact" classname="com.cloudents.AutomationTest.CloudentsAutoTests" time="0">
    <skipped/>
  </testcase>
  <testcase name="contact" classname="com.cloudents.AutomationTest.CloudentsAutoTests" time="0">
    <skipped/>
  </testcase>
  <testcase name="flashcards" classname="com.cloudents.AutomationTest.CloudentsAutoTests" time="3.284"/>
  <testcase name="flashcards" classname="com.cloudents.AutomationTest.CloudentsAutoTests" time="0">
    <skipped/>
  </testcase>
  <testcase name="flashcards" classname="com.cloudents.AutomationTest.CloudentsAutoTests" time="0">
    <skipped/>
  </testcase>
  <testcase name="flashcards" classname="com.cloudents.AutomationTest.CloudentsAutoTests" time="0">
    <skipped/>
  </testcase>
  <testcase name="flashcards" classname="com.cloudents.AutomationTest.CloudentsAutoTests" time="0">
    <skipped/>
  </testcase>
  <testcase name="global" classname="com.cloudents.AutomationTest.CloudentsAutoTests" time="11.679">
    <failure message="Index: 0, Size: 0" type="java.lang.IndexOutOfBoundsException">java.lang.IndexOutOfBoundsException: Index: 0, Size: 0
	at com.cloudents.AutomationTest.CloudentsAutoTests.homePage(CloudentsAutoTests.java:95)
	at com.cloudents.AutomationTest.CloudentsAutoTests.global(CloudentsAutoTests.java:62)
</failure>
  </testcase>
  <testcase name="global" classname="com.cloudents.AutomationTest.CloudentsAutoTests" time="0">
    <skipped/>
  </testcase>
  <testcase name="global" classname="com.cloudents.AutomationTest.CloudentsAutoTests" time="0">
    <skipped/>
  </testcase>
  <testcase name="global" classname="com.cloudents.AutomationTest.CloudentsAutoTests" time="0">
    <skipped/>
  </testcase>
  <testcase name="global" classname="com.cloudents.AutomationTest.CloudentsAutoTests" time="0">
    <skipped/>
  </testcase>
  <testcase name="homePage" classname="com.cloudents.AutomationTest.CloudentsAutoTests" time="11.608">
    <failure message="Index: 0, Size: 0" type="java.lang.IndexOutOfBoundsException">java.lang.IndexOutOfBoundsException: Index: 0, Size: 0
	at com.cloudents.AutomationTest.CloudentsAutoTests.homePage(CloudentsAutoTests.java:95)
</failure>
  </testcase>
  <testcase name="homePage" classname="com.cloudents.AutomationTest.CloudentsAutoTests" time="0">
    <skipped/>
  </testcase>
  <testcase name="homePage" classname="com.cloudents.AutomationTest.CloudentsAutoTests" time="0">
    <skipped/>
  </testcase>
  <testcase name="homePage" classname="com.cloudents.AutomationTest.CloudentsAutoTests" time="0">
    <skipped/>
  </testcase>
  <testcase name="homePage" classname="com.cloudents.AutomationTest.CloudentsAutoTests" time="0">
    <skipped/>
  </testcase>
  <testcase name="homeworkHelp" classname="com.cloudents.AutomationTest.CloudentsAutoTests" time="13.018">
    <failure message="no such element: Unable to locate element: {&quot;method&quot;:&quot;class name&quot;,&quot;selector&quot;:&quot;ask-question&quot;}&#10;  (Session info: chrome=68.0.3440.106)&#10;  (Driver info: chromedriver=2.41.578737 (49da6702b16031c40d63e5618de03a32ff6c197e),platform=Windows NT 10.0.17134 x86_64) (WARNING: The server did not provide any stacktrace information)&#10;Command duration or timeout: 0 milliseconds&#10;For documentation on this error, please visit: http://seleniumhq.org/exceptions/no_such_element.html&#10;Build info: version: &apos;3.14.0&apos;, revision: &apos;aacccce0&apos;, time: &apos;2018-08-02T20:19:58.91Z&apos;&#10;System info: host: &apos;EIDAN-DESKTOP&apos;, ip: &apos;192.168.2.62&apos;, os.name: &apos;Windows 10&apos;, os.arch: &apos;amd64&apos;, os.version: &apos;10.0&apos;, java.version: &apos;1.8.0_181&apos;&#10;Driver info: org.openqa.selenium.chrome.ChromeDriver&#10;Capabilities {acceptInsecureCerts: false, acceptSslCerts: false, applicationCacheEnabled: false, browserConnectionEnabled: false, browserName: chrome, chrome: {chromedriverVersion: 2.41.578737 (49da6702b16031..., userDataDir: C:\WINDOWS\TEMP\scoped_dir1...}, cssSelectorsEnabled: true, databaseEnabled: false, goog:chromeOptions: {debuggerAddress: localhost:54430}, handlesAlerts: true, hasTouchScreen: false, javascriptEnabled: true, locationContextEnabled: true, mobileEmulationEnabled: false, nativeEvents: true, networkConnectionEnabled: false, pageLoadStrategy: normal, platform: XP, platformName: XP, rotatable: false, setWindowRect: true, takesHeapSnapshot: true, takesScreenshot: true, unexpectedAlertBehaviour: , unhandledPromptBehavior: , version: 68.0.3440.106, webStorageEnabled: true}&#10;Session ID: 6c07cf4392d4343014de57c5671540fd&#10;*** Element info: {Using=class name, value=ask-question}" type="org.openqa.selenium.NoSuchElementException">org.openqa.selenium.NoSuchElementException: 
no such element: Unable to locate element: {"method":"class name","selector":"ask-question"}
  (Session info: chrome=68.0.3440.106)
  (Driver info: chromedriver=2.41.578737 (49da6702b16031c40d63e5618de03a32ff6c197e),platform=Windows NT 10.0.17134 x86_64) (WARNING: The server did not provide any stacktrace information)
Command duration or timeout: 0 milliseconds
For documentation on this error, please visit: http://seleniumhq.org/exceptions/no_such_element.html
Build info: version: '3.14.0', revision: 'aacccce0', time: '2018-08-02T20:19:58.91Z'
System info: host: 'EIDAN-DESKTOP', ip: '192.168.2.62', os.name: 'Windows 10', os.arch: 'amd64', os.version: '10.0', java.version: '1.8.0_181'
Driver info: org.openqa.selenium.chrome.ChromeDriver
Capabilities {acceptInsecureCerts: false, acceptSslCerts: false, applicationCacheEnabled: false, browserConnectionEnabled: false, browserName: chrome, chrome: {chromedriverVersion: 2.41.578737 (49da6702b16031..., userDataDir: C:\WINDOWS\TEMP\scoped_dir1...}, cssSelectorsEnabled: true, databaseEnabled: false, goog:chromeOptions: {debuggerAddress: localhost:54430}, handlesAlerts: true, hasTouchScreen: false, javascriptEnabled: true, locationContextEnabled: true, mobileEmulationEnabled: false, nativeEvents: true, networkConnectionEnabled: false, pageLoadStrategy: normal, platform: XP, platformName: XP, rotatable: false, setWindowRect: true, takesHeapSnapshot: true, takesScreenshot: true, unexpectedAlertBehaviour: , unhandledPromptBehavior: , version: 68.0.3440.106, webStorageEnabled: true}
Session ID: 6c07cf4392d4343014de57c5671540fd
*** Element info: {Using=class name, value=ask-question}
	at com.cloudents.AutomationTest.CloudentsAutoTests.homeworkHelp(CloudentsAutoTests.java:238)
</failure>
  </testcase>
  <testcase name="homeworkHelp" classname="com.cloudents.AutomationTest.CloudentsAutoTests" time="0">
    <skipped/>
  </testcase>
  <testcase name="homeworkHelp" classname="com.cloudents.AutomationTest.CloudentsAutoTests" time="0">
    <skipped/>
  </testcase>
  <testcase name="homeworkHelp" classname="com.cloudents.AutomationTest.CloudentsAutoTests" time="0">
    <skipped/>
  </testcase>
  <testcase name="homeworkHelp" classname="com.cloudents.AutomationTest.CloudentsAutoTests" time="0">
    <skipped/>
  </testcase>
  <testcase name="jobs" classname="com.cloudents.AutomationTest.CloudentsAutoTests" time="22.737">
    <failure message="Index: 1, Size: 0" type="java.lang.IndexOutOfBoundsException">java.lang.IndexOutOfBoundsException: Index: 1, Size: 0
	at com.cloudents.AutomationTest.CloudentsAutoTests.jobs(CloudentsAutoTests.java:346)
</failure>
  </testcase>
  <testcase name="jobs" classname="com.cloudents.AutomationTest.CloudentsAutoTests" time="0">
    <skipped/>
  </testcase>
  <testcase name="jobs" classname="com.cloudents.AutomationTest.CloudentsAutoTests" time="0">
    <skipped/>
  </testcase>
  <testcase name="jobs" classname="com.cloudents.AutomationTest.CloudentsAutoTests" time="0">
    <skipped/>
  </testcase>
  <testcase name="jobs" classname="com.cloudents.AutomationTest.CloudentsAutoTests" time="0">
    <skipped/>
  </testcase>
  <testcase name="login" classname="com.cloudents.AutomationTest.CloudentsAutoTests" time="8.897"/>
  <testcase name="login" classname="com.cloudents.AutomationTest.CloudentsAutoTests" time="0">
    <skipped/>
  </testcase>
  <testcase name="login" classname="com.cloudents.AutomationTest.CloudentsAutoTests" time="0">
    <skipped/>
  </testcase>
  <testcase name="login" classname="com.cloudents.AutomationTest.CloudentsAutoTests" time="0">
    <skipped/>
  </testcase>
  <testcase name="login" classname="com.cloudents.AutomationTest.CloudentsAutoTests" time="0">
    <skipped/>
  </testcase>
  <testcase name="mainTabs" classname="com.cloudents.AutomationTest.CloudentsAutoTests" time="17.613"/>
  <testcase name="mainTabs" classname="com.cloudents.AutomationTest.CloudentsAutoTests" time="0">
    <skipped/>
  </testcase>
  <testcase name="mainTabs" classname="com.cloudents.AutomationTest.CloudentsAutoTests" time="0">
    <skipped/>
  </testcase>
  <testcase name="mainTabs" classname="com.cloudents.AutomationTest.CloudentsAutoTests" time="0">
    <skipped/>
  </testcase>
  <testcase name="mainTabs" classname="com.cloudents.AutomationTest.CloudentsAutoTests" time="0">
    <skipped/>
  </testcase>
  <testcase name="partners" classname="com.cloudents.AutomationTest.CloudentsAutoTests" time="1.723"/>
  <testcase name="partners" classname="com.cloudents.AutomationTest.CloudentsAutoTests" time="0">
    <skipped/>
  </testcase>
  <testcase name="partners" classname="com.cloudents.AutomationTest.CloudentsAutoTests" time="0">
    <skipped/>
  </testcase>
  <testcase name="partners" classname="com.cloudents.AutomationTest.CloudentsAutoTests" time="0">
    <skipped/>
  </testcase>
  <testcase name="partners" classname="com.cloudents.AutomationTest.CloudentsAutoTests" time="0">
    <skipped/>
  </testcase>
  <testcase name="privacy" classname="com.cloudents.AutomationTest.CloudentsAutoTests" time="5.762"/>
  <testcase name="privacy" classname="com.cloudents.AutomationTest.CloudentsAutoTests" time="0">
    <skipped/>
  </testcase>
  <testcase name="privacy" classname="com.cloudents.AutomationTest.CloudentsAutoTests" time="0">
    <skipped/>
  </testcase>
  <testcase name="privacy" classname="com.cloudents.AutomationTest.CloudentsAutoTests" time="0">
    <skipped/>
  </testcase>
  <testcase name="privacy" classname="com.cloudents.AutomationTest.CloudentsAutoTests" time="0">
    <skipped/>
  </testcase>
  <testcase name="reps" classname="com.cloudents.AutomationTest.CloudentsAutoTests" time="1.466"/>
  <testcase name="reps" classname="com.cloudents.AutomationTest.CloudentsAutoTests" time="0">
    <skipped/>
  </testcase>
  <testcase name="reps" classname="com.cloudents.AutomationTest.CloudentsAutoTests" time="0">
    <skipped/>
  </testcase>
  <testcase name="reps" classname="com.cloudents.AutomationTest.CloudentsAutoTests" time="0">
    <skipped/>
  </testcase>
  <testcase name="reps" classname="com.cloudents.AutomationTest.CloudentsAutoTests" time="0">
    <skipped/>
  </testcase>
  <testcase name="signUp" classname="com.cloudents.AutomationTest.CloudentsAutoTests" time="33.981"/>
  <testcase name="signUp" classname="com.cloudents.AutomationTest.CloudentsAutoTests" time="0">
    <skipped/>
  </testcase>
  <testcase name="signUp" classname="com.cloudents.AutomationTest.CloudentsAutoTests" time="0">
    <skipped/>
  </testcase>
  <testcase name="signUp" classname="com.cloudents.AutomationTest.CloudentsAutoTests" time="0">
    <skipped/>
  </testcase>
  <testcase name="signUp" classname="com.cloudents.AutomationTest.CloudentsAutoTests" time="0">
    <skipped/>
  </testcase>
  <testcase name="studyDocuments" classname="com.cloudents.AutomationTest.CloudentsAutoTests" time="3.691"/>
  <testcase name="studyDocuments" classname="com.cloudents.AutomationTest.CloudentsAutoTests" time="0">
    <skipped/>
  </testcase>
  <testcase name="studyDocuments" classname="com.cloudents.AutomationTest.CloudentsAutoTests" time="0">
    <skipped/>
  </testcase>
  <testcase name="studyDocuments" classname="com.cloudents.AutomationTest.CloudentsAutoTests" time="0">
    <skipped/>
  </testcase>
  <testcase name="studyDocuments" classname="com.cloudents.AutomationTest.CloudentsAutoTests" time="0">
    <skipped/>
  </testcase>
  <testcase name="terms" classname="com.cloudents.AutomationTest.CloudentsAutoTests" time="3.588"/>
  <testcase name="terms" classname="com.cloudents.AutomationTest.CloudentsAutoTests" time="0">
    <skipped/>
  </testcase>
  <testcase name="terms" classname="com.cloudents.AutomationTest.CloudentsAutoTests" time="0">
    <skipped/>
  </testcase>
  <testcase name="terms" classname="com.cloudents.AutomationTest.CloudentsAutoTests" time="0">
    <skipped/>
  </testcase>
  <testcase name="terms" classname="com.cloudents.AutomationTest.CloudentsAutoTests" time="0">
    <skipped/>
  </testcase>
  <testcase name="textbooks" classname="com.cloudents.AutomationTest.CloudentsAutoTests" time="27.276"/>
  <testcase name="textbooks" classname="com.cloudents.AutomationTest.CloudentsAutoTests" time="0">
    <skipped/>
  </testcase>
  <testcase name="textbooks" classname="com.cloudents.AutomationTest.CloudentsAutoTests" time="0">
    <skipped/>
  </testcase>
  <testcase name="textbooks" classname="com.cloudents.AutomationTest.CloudentsAutoTests" time="0">
    <skipped/>
  </testcase>
  <testcase name="textbooks" classname="com.cloudents.AutomationTest.CloudentsAutoTests" time="0">
    <skipped/>
  </testcase>
  <testcase name="token" classname="com.cloudents.AutomationTest.CloudentsAutoTests" time="24.178">
    <failure message="element not visible&#10;  (Session info: chrome=68.0.3440.106)&#10;  (Driver info: chromedriver=2.41.578737 (49da6702b16031c40d63e5618de03a32ff6c197e),platform=Windows NT 10.0.17134 x86_64) (WARNING: The server did not provide any stacktrace information)&#10;Command duration or timeout: 0 milliseconds&#10;Build info: version: &apos;3.14.0&apos;, revision: &apos;aacccce0&apos;, time: &apos;2018-08-02T20:19:58.91Z&apos;&#10;System info: host: &apos;EIDAN-DESKTOP&apos;, ip: &apos;192.168.2.62&apos;, os.name: &apos;Windows 10&apos;, os.arch: &apos;amd64&apos;, os.version: &apos;10.0&apos;, java.version: &apos;1.8.0_181&apos;&#10;Driver info: org.openqa.selenium.chrome.ChromeDriver&#10;Capabilities {acceptInsecureCerts: false, acceptSslCerts: false, applicationCacheEnabled: false, browserConnectionEnabled: false, browserName: chrome, chrome: {chromedriverVersion: 2.41.578737 (49da6702b16031..., userDataDir: C:\WINDOWS\TEMP\scoped_dir1...}, cssSelectorsEnabled: true, databaseEnabled: false, goog:chromeOptions: {debuggerAddress: localhost:54430}, handlesAlerts: true, hasTouchScreen: false, javascriptEnabled: true, locationContextEnabled: true, mobileEmulationEnabled: false, nativeEvents: true, networkConnectionEnabled: false, pageLoadStrategy: normal, platform: XP, platformName: XP, rotatable: false, setWindowRect: true, takesHeapSnapshot: true, takesScreenshot: true, unexpectedAlertBehaviour: , unhandledPromptBehavior: , version: 68.0.3440.106, webStorageEnabled: true}&#10;Session ID: 6c07cf4392d4343014de57c5671540fd" type="org.openqa.selenium.ElementNotVisibleException">org.openqa.selenium.ElementNotVisibleException: 
element not visible
  (Session info: chrome=68.0.3440.106)
  (Driver info: chromedriver=2.41.578737 (49da6702b16031c40d63e5618de03a32ff6c197e),platform=Windows NT 10.0.17134 x86_64) (WARNING: The server did not provide any stacktrace information)
Command duration or timeout: 0 milliseconds
Build info: version: '3.14.0', revision: 'aacccce0', time: '2018-08-02T20:19:58.91Z'
System info: host: 'EIDAN-DESKTOP', ip: '192.168.2.62', os.name: 'Windows 10', os.arch: 'amd64', os.version: '10.0', java.version: '1.8.0_181'
Driver info: org.openqa.selenium.chrome.ChromeDriver
Capabilities {acceptInsecureCerts: false, acceptSslCerts: false, applicationCacheEnabled: false, browserConnectionEnabled: false, browserName: chrome, chrome: {chromedriverVersion: 2.41.578737 (49da6702b16031..., userDataDir: C:\WINDOWS\TEMP\scoped_dir1...}, cssSelectorsEnabled: true, databaseEnabled: false, goog:chromeOptions: {debuggerAddress: localhost:54430}, handlesAlerts: true, hasTouchScreen: false, javascriptEnabled: true, locationContextEnabled: true, mobileEmulationEnabled: false, nativeEvents: true, networkConnectionEnabled: false, pageLoadStrategy: normal, platform: XP, platformName: XP, rotatable: false, setWindowRect: true, takesHeapSnapshot: true, takesScreenshot: true, unexpectedAlertBehaviour: , unhandledPromptBehavior: , version: 68.0.3440.106, webStorageEnabled: true}
Session ID: 6c07cf4392d4343014de57c5671540fd
	at com.cloudents.AutomationTest.CloudentsAutoTests.token(CloudentsAutoTests.java:549)
</failure>
  </testcase>
  <testcase name="token" classname="com.cloudents.AutomationTest.CloudentsAutoTests" time="0">
    <skipped/>
  </testcase>
  <testcase name="token" classname="com.cloudents.AutomationTest.CloudentsAutoTests" time="0">
    <skipped/>
  </testcase>
  <testcase name="token" classname="com.cloudents.AutomationTest.CloudentsAutoTests" time="0">
    <skipped/>
  </testcase>
  <testcase name="token" classname="com.cloudents.AutomationTest.CloudentsAutoTests" time="0">
    <skipped/>
  </testcase>
  <testcase name="tutors" classname="com.cloudents.AutomationTest.CloudentsAutoTests" time="5.746"/>
  <testcase name="tutors" classname="com.cloudents.AutomationTest.CloudentsAutoTests" time="0">
    <skipped/>
  </testcase>
  <testcase name="tutors" classname="com.cloudents.AutomationTest.CloudentsAutoTests" time="0">
    <skipped/>
  </testcase>
  <testcase name="tutors" classname="com.cloudents.AutomationTest.CloudentsAutoTests" time="0">
    <skipped/>
  </testcase>
  <testcase name="tutors" classname="com.cloudents.AutomationTest.CloudentsAutoTests" time="0">
    <skipped/>
  </testcase>
  <testcase name="setup" classname="com.cloudents.AutomationTest.CloudentsAutoTests" time="6.543">
    <failure message="Unexpected value for profile: null&#10;Build info: version: &apos;3.14.0&apos;, revision: &apos;aacccce0&apos;, time: &apos;2018-08-02T20:19:58.91Z&apos;&#10;System info: host: &apos;EIDAN-DESKTOP&apos;, ip: &apos;192.168.2.62&apos;, os.name: &apos;Windows 10&apos;, os.arch: &apos;amd64&apos;, os.version: &apos;10.0&apos;, java.version: &apos;1.8.0_181&apos;&#10;Driver info: driver.version: unknown" type="org.openqa.selenium.WebDriverException">org.openqa.selenium.WebDriverException: 
Unexpected value for profile: null
Build info: version: '3.14.0', revision: 'aacccce0', time: '2018-08-02T20:19:58.91Z'
System info: host: 'EIDAN-DESKTOP', ip: '192.168.2.62', os.name: 'Windows 10', os.arch: 'amd64', os.version: '10.0', java.version: '1.8.0_181'
Driver info: driver.version: unknown
	at com.cloudents.AutomationTest.CloudentsAutoTests.setup(CloudentsAutoTests.java:29)
</failure>
  </testcase>
  <testcase name="setup" classname="com.cloudents.AutomationTest.CloudentsAutoTests" time="0.596">
    <failure message="Unable to parse remote response: Unknown error" type="org.openqa.selenium.WebDriverException">org.openqa.selenium.WebDriverException: Unable to parse remote response: Unknown error
	at com.cloudents.AutomationTest.CloudentsAutoTests.setup(CloudentsAutoTests.java:39)
Caused by: org.openqa.selenium.json.JsonException: 
Unable to determine type from: U. Last 1 characters read: U
Build info: version: '3.14.0', revision: 'aacccce0', time: '2018-08-02T20:19:58.91Z'
System info: host: 'EIDAN-DESKTOP', ip: '192.168.2.62', os.name: 'Windows 10', os.arch: 'amd64', os.version: '10.0', java.version: '1.8.0_181'
Driver info: driver.version: EdgeDriver
	at com.cloudents.AutomationTest.CloudentsAutoTests.setup(CloudentsAutoTests.java:39)
</failure>
    <system-err><![CDATA[[14:31:45.922] - Listening on http://localhost:36274/ 
Microsoft Web Driver can't be used with the Built-In Administrator account or while User Account Control is turned off. 

]]></system-err>
  </testcase>
  <testcase name="setup" classname="com.cloudents.AutomationTest.CloudentsAutoTests" time="0.017">
    <failure message="Session ID is null. Using WebDriver after calling quit()?&#10;Build info: version: &apos;3.14.0&apos;, revision: &apos;aacccce0&apos;, time: &apos;2018-08-02T20:19:58.91Z&apos;&#10;System info: host: &apos;EIDAN-DESKTOP&apos;, ip: &apos;192.168.2.62&apos;, os.name: &apos;Windows 10&apos;, os.arch: &apos;amd64&apos;, os.version: &apos;10.0&apos;, java.version: &apos;1.8.0_181&apos;&#10;Driver info: driver.version: RemoteWebDriver" type="org.openqa.selenium.NoSuchSessionException">org.openqa.selenium.NoSuchSessionException: 
Session ID is null. Using WebDriver after calling quit()?
Build info: version: '3.14.0', revision: 'aacccce0', time: '2018-08-02T20:19:58.91Z'
System info: host: 'EIDAN-DESKTOP', ip: '192.168.2.62', os.name: 'Windows 10', os.arch: 'amd64', os.version: '10.0', java.version: '1.8.0_181'
Driver info: driver.version: RemoteWebDriver
	at com.cloudents.AutomationTest.CloudentsAutoTests.setup(CloudentsAutoTests.java:50)
</failure>
  </testcase>
  <testcase name="setup" classname="com.cloudents.AutomationTest.CloudentsAutoTests" time="0.032">
    <failure message="Session ID is null. Using WebDriver after calling quit()?&#10;Build info: version: &apos;3.14.0&apos;, revision: &apos;aacccce0&apos;, time: &apos;2018-08-02T20:19:58.91Z&apos;&#10;System info: host: &apos;EIDAN-DESKTOP&apos;, ip: &apos;192.168.2.62&apos;, os.name: &apos;Windows 10&apos;, os.arch: &apos;amd64&apos;, os.version: &apos;10.0&apos;, java.version: &apos;1.8.0_181&apos;&#10;Driver info: driver.version: RemoteWebDriver" type="org.openqa.selenium.NoSuchSessionException">org.openqa.selenium.NoSuchSessionException: 
Session ID is null. Using WebDriver after calling quit()?
Build info: version: '3.14.0', revision: 'aacccce0', time: '2018-08-02T20:19:58.91Z'
System info: host: 'EIDAN-DESKTOP', ip: '192.168.2.62', os.name: 'Windows 10', os.arch: 'amd64', os.version: '10.0', java.version: '1.8.0_181'
Driver info: driver.version: RemoteWebDriver
	at com.cloudents.AutomationTest.CloudentsAutoTests.setup(CloudentsAutoTests.java:50)
</failure>
  </testcase>
  <testcase name="cleanupTestSeries" classname="com.cloudents.AutomationTest.CloudentsAutoTests" time="0">
    <skipped/>
  </testcase>
  <testcase name="cleanupTestSeries" classname="com.cloudents.AutomationTest.CloudentsAutoTests" time="0">
    <skipped/>
  </testcase>
  <testcase name="cleanupTestSeries" classname="com.cloudents.AutomationTest.CloudentsAutoTests" time="0">
    <skipped/>
  </testcase>
  <testcase name="cleanupTestSeries" classname="com.cloudents.AutomationTest.CloudentsAutoTests" time="0">
    <skipped/>
  </testcase>
</testsuite>