<?xml version="1.0" encoding="UTF-8"?>
<testng-results skipped="0" failed="0" total="1" passed="1">
  <reporter-output>
  </reporter-output>
  <suite name="Surefire suite" duration-ms="16467" started-at="2018-08-29T13:04:56Z" finished-at="2018-08-29T13:05:13Z">
    <groups>
    </groups>
    <test name="Surefire test" duration-ms="16467" started-at="2018-08-29T13:04:56Z" finished-at="2018-08-29T13:05:13Z">
      <class name="com.cloudents.AutomationTest.CloudentsAutoTests">
        <test-method status="PASS" signature="setup(java.lang.String)[pri:0, instance:com.cloudents.AutomationTest.CloudentsAutoTests@59e84876]" name="setup" is-config="true" duration-ms="4377" started-at="2018-08-29T16:04:56Z" finished-at="2018-08-29T16:05:00Z">
          <params>
            <param index="0">
              <value>
                <![CDATA[Chrome]]>
              </value>
            </param>
          </params>
          <reporter-output>
          </reporter-output>
        </test-method> <!-- setup -->
        <test-method status="PASS" signature="login()[pri:0, instance:com.cloudents.AutomationTest.CloudentsAutoTests@59e84876]" name="login" duration-ms="12084" started-at="2018-08-29T16:05:00Z" finished-at="2018-08-29T16:05:13Z">
          <reporter-output>
          </reporter-output>
        </test-method> <!-- login -->
      </class> <!-- com.cloudents.AutomationTest.CloudentsAutoTests -->
    </test> <!-- Surefire test -->
  </suite> <!-- Surefire suite -->
</testng-results>
