<?xml version="1.0" encoding="UTF-8"?>
<!-- Generated by org.testng.reporters.JUnitReportReporter -->
<testsuite hostname="Eidan-Desktop" name="com.cloudents.AutomationTest.CloudentsAutoTests" tests="50" failures="29" timestamp="13 Aug 2018 08:51:14 GMT" time="395.006" errors="6">
  <testcase name="FAQPageContent" time="25.787" classname="com.cloudents.AutomationTest.CloudentsAutoTests"/>
  <testcase name="signUpNavigation" time="0.000" classname="com.cloudents.AutomationTest.CloudentsAutoTests">
    <failure type="org.openqa.selenium.WebDriverException" message="Unable to parse remote response: Unknown error">
      <![CDATA[org.openqa.selenium.WebDriverException: Unable to parse remote response: Unknown error
	at org.openqa.selenium.remote.ProtocolHandshake.createSession(ProtocolHandshake.java:111)
	at org.openqa.selenium.remote.ProtocolHandshake.createSession(ProtocolHandshake.java:73)
	at org.openqa.selenium.remote.HttpCommandExecutor.execute(HttpCommandExecutor.java:136)
	at org.openqa.selenium.remote.service.DriverCommandExecutor.execute(DriverCommandExecutor.java:83)
	at org.openqa.selenium.remote.RemoteWebDriver.execute(RemoteWebDriver.java:548)
	at org.openqa.selenium.remote.RemoteWebDriver.startSession(RemoteWebDriver.java:212)
	at org.openqa.selenium.remote.RemoteWebDriver.<init>(RemoteWebDriver.java:130)
	at org.openqa.selenium.edge.EdgeDriver.<init>(EdgeDriver.java:141)
	at org.openqa.selenium.edge.EdgeDriver.<init>(EdgeDriver.java:96)
	at com.cloudents.AutomationTest.CloudentsAutoTests.setup(CloudentsAutoTests.java:72)
	at sun.reflect.NativeMethodAccessorImpl.invoke0(Native Method)
	at sun.reflect.NativeMethodAccessorImpl.invoke(NativeMethodAccessorImpl.java:62)
	at sun.reflect.DelegatingMethodAccessorImpl.invoke(DelegatingMethodAccessorImpl.java:43)
	at java.lang.reflect.Method.invoke(Method.java:498)
	at org.testng.internal.MethodInvocationHelper.invokeMethod(MethodInvocationHelper.java:84)
	at org.testng.internal.Invoker.invokeConfigurationMethod(Invoker.java:564)
	at org.testng.internal.Invoker.invokeConfigurations(Invoker.java:213)
	at org.testng.internal.Invoker.invokeConfigurations(Invoker.java:138)
	at org.testng.internal.TestMethodWorker.invokeBeforeClassMethods(TestMethodWorker.java:175)
	at org.testng.internal.TestMethodWorker.run(TestMethodWorker.java:107)
	at org.testng.TestRunner.privateRun(TestRunner.java:767)
	at org.testng.TestRunner.run(TestRunner.java:617)
	at org.testng.SuiteRunner.runTest(SuiteRunner.java:334)
	at org.testng.SuiteRunner.access$000(SuiteRunner.java:37)
	at org.testng.SuiteRunner$SuiteWorker.run(SuiteRunner.java:368)
	at org.testng.internal.thread.ThreadUtil$2.call(ThreadUtil.java:64)
	at java.util.concurrent.FutureTask.run(FutureTask.java:266)
	at java.util.concurrent.ThreadPoolExecutor.runWorker(ThreadPoolExecutor.java:1149)
	at java.util.concurrent.ThreadPoolExecutor$Worker.run(ThreadPoolExecutor.java:624)
	at java.lang.Thread.run(Thread.java:748)
Caused by: org.openqa.selenium.json.JsonException: Unable to determine type from: U. Last 1 characters read: U
Build info: version: '3.14.0', revision: 'aacccce0', time: '2018-08-02T20:19:58.91Z'
System info: host: 'EIDAN-DESKTOP', ip: '192.168.2.62', os.name: 'Windows 10', os.arch: 'amd64', os.version: '10.0', java.version: '1.8.0_181'
Driver info: driver.version: EdgeDriver
	at org.openqa.selenium.json.JsonInput.peek(JsonInput.java:121)
	at org.openqa.selenium.json.JsonTypeCoercer.lambda$null$6(JsonTypeCoercer.java:137)
	at org.openqa.selenium.json.JsonTypeCoercer.coerce(JsonTypeCoercer.java:123)
	at org.openqa.selenium.json.Json.toType(Json.java:60)
	at org.openqa.selenium.json.Json.toType(Json.java:50)
	at org.openqa.selenium.remote.ProtocolHandshake.createSession(ProtocolHandshake.java:108)
	... 29 more
]]>
    </failure>
  </testcase> <!-- signUpNavigation -->
  <testcase name="FAQPageContent" time="0.000" classname="com.cloudents.AutomationTest.CloudentsAutoTests">
    <failure type="org.openqa.selenium.WebDriverException" message="Unable to parse remote response: Unknown error">
      <![CDATA[org.openqa.selenium.WebDriverException: Unable to parse remote response: Unknown error
	at org.openqa.selenium.remote.ProtocolHandshake.createSession(ProtocolHandshake.java:111)
	at org.openqa.selenium.remote.ProtocolHandshake.createSession(ProtocolHandshake.java:73)
	at org.openqa.selenium.remote.HttpCommandExecutor.execute(HttpCommandExecutor.java:136)
	at org.openqa.selenium.remote.service.DriverCommandExecutor.execute(DriverCommandExecutor.java:83)
	at org.openqa.selenium.remote.RemoteWebDriver.execute(RemoteWebDriver.java:548)
	at org.openqa.selenium.remote.RemoteWebDriver.startSession(RemoteWebDriver.java:212)
	at org.openqa.selenium.remote.RemoteWebDriver.<init>(RemoteWebDriver.java:130)
	at org.openqa.selenium.edge.EdgeDriver.<init>(EdgeDriver.java:141)
	at org.openqa.selenium.edge.EdgeDriver.<init>(EdgeDriver.java:96)
	at com.cloudents.AutomationTest.CloudentsAutoTests.setup(CloudentsAutoTests.java:72)
	at sun.reflect.NativeMethodAccessorImpl.invoke0(Native Method)
	at sun.reflect.NativeMethodAccessorImpl.invoke(NativeMethodAccessorImpl.java:62)
	at sun.reflect.DelegatingMethodAccessorImpl.invoke(DelegatingMethodAccessorImpl.java:43)
	at java.lang.reflect.Method.invoke(Method.java:498)
	at org.testng.internal.MethodInvocationHelper.invokeMethod(MethodInvocationHelper.java:84)
	at org.testng.internal.Invoker.invokeConfigurationMethod(Invoker.java:564)
	at org.testng.internal.Invoker.invokeConfigurations(Invoker.java:213)
	at org.testng.internal.Invoker.invokeConfigurations(Invoker.java:138)
	at org.testng.internal.TestMethodWorker.invokeBeforeClassMethods(TestMethodWorker.java:175)
	at org.testng.internal.TestMethodWorker.run(TestMethodWorker.java:107)
	at org.testng.TestRunner.privateRun(TestRunner.java:767)
	at org.testng.TestRunner.run(TestRunner.java:617)
	at org.testng.SuiteRunner.runTest(SuiteRunner.java:334)
	at org.testng.SuiteRunner.access$000(SuiteRunner.java:37)
	at org.testng.SuiteRunner$SuiteWorker.run(SuiteRunner.java:368)
	at org.testng.internal.thread.ThreadUtil$2.call(ThreadUtil.java:64)
	at java.util.concurrent.FutureTask.run(FutureTask.java:266)
	at java.util.concurrent.ThreadPoolExecutor.runWorker(ThreadPoolExecutor.java:1149)
	at java.util.concurrent.ThreadPoolExecutor$Worker.run(ThreadPoolExecutor.java:624)
	at java.lang.Thread.run(Thread.java:748)
Caused by: org.openqa.selenium.json.JsonException: Unable to determine type from: U. Last 1 characters read: U
Build info: version: '3.14.0', revision: 'aacccce0', time: '2018-08-02T20:19:58.91Z'
System info: host: 'EIDAN-DESKTOP', ip: '192.168.2.62', os.name: 'Windows 10', os.arch: 'amd64', os.version: '10.0', java.version: '1.8.0_181'
Driver info: driver.version: EdgeDriver
	at org.openqa.selenium.json.JsonInput.peek(JsonInput.java:121)
	at org.openqa.selenium.json.JsonTypeCoercer.lambda$null$6(JsonTypeCoercer.java:137)
	at org.openqa.selenium.json.JsonTypeCoercer.coerce(JsonTypeCoercer.java:123)
	at org.openqa.selenium.json.Json.toType(Json.java:60)
	at org.openqa.selenium.json.Json.toType(Json.java:50)
	at org.openqa.selenium.remote.ProtocolHandshake.createSession(ProtocolHandshake.java:108)
	... 29 more
]]>
    </failure>
  </testcase> <!-- FAQPageContent -->
  <testcase name="FAQPageContent" time="0.000" classname="com.cloudents.AutomationTest.CloudentsAutoTests">
    <failure type="org.openqa.selenium.WebDriverException" message="Unable to parse remote response: Unknown error">
      <![CDATA[org.openqa.selenium.WebDriverException: Unable to parse remote response: Unknown error
	at org.openqa.selenium.remote.ProtocolHandshake.createSession(ProtocolHandshake.java:111)
	at org.openqa.selenium.remote.ProtocolHandshake.createSession(ProtocolHandshake.java:73)
	at org.openqa.selenium.remote.HttpCommandExecutor.execute(HttpCommandExecutor.java:136)
	at org.openqa.selenium.remote.service.DriverCommandExecutor.execute(DriverCommandExecutor.java:83)
	at org.openqa.selenium.remote.RemoteWebDriver.execute(RemoteWebDriver.java:548)
	at org.openqa.selenium.remote.RemoteWebDriver.startSession(RemoteWebDriver.java:212)
	at org.openqa.selenium.remote.RemoteWebDriver.<init>(RemoteWebDriver.java:130)
	at org.openqa.selenium.edge.EdgeDriver.<init>(EdgeDriver.java:141)
	at org.openqa.selenium.edge.EdgeDriver.<init>(EdgeDriver.java:96)
	at com.cloudents.AutomationTest.CloudentsAutoTests.setup(CloudentsAutoTests.java:72)
	at sun.reflect.NativeMethodAccessorImpl.invoke0(Native Method)
	at sun.reflect.NativeMethodAccessorImpl.invoke(NativeMethodAccessorImpl.java:62)
	at sun.reflect.DelegatingMethodAccessorImpl.invoke(DelegatingMethodAccessorImpl.java:43)
	at java.lang.reflect.Method.invoke(Method.java:498)
	at org.testng.internal.MethodInvocationHelper.invokeMethod(MethodInvocationHelper.java:84)
	at org.testng.internal.Invoker.invokeConfigurationMethod(Invoker.java:564)
	at org.testng.internal.Invoker.invokeConfigurations(Invoker.java:213)
	at org.testng.internal.Invoker.invokeConfigurations(Invoker.java:138)
	at org.testng.internal.TestMethodWorker.invokeBeforeClassMethods(TestMethodWorker.java:175)
	at org.testng.internal.TestMethodWorker.run(TestMethodWorker.java:107)
	at org.testng.TestRunner.privateRun(TestRunner.java:767)
	at org.testng.TestRunner.run(TestRunner.java:617)
	at org.testng.SuiteRunner.runTest(SuiteRunner.java:334)
	at org.testng.SuiteRunner.access$000(SuiteRunner.java:37)
	at org.testng.SuiteRunner$SuiteWorker.run(SuiteRunner.java:368)
	at org.testng.internal.thread.ThreadUtil$2.call(ThreadUtil.java:64)
	at java.util.concurrent.FutureTask.run(FutureTask.java:266)
	at java.util.concurrent.ThreadPoolExecutor.runWorker(ThreadPoolExecutor.java:1149)
	at java.util.concurrent.ThreadPoolExecutor$Worker.run(ThreadPoolExecutor.java:624)
	at java.lang.Thread.run(Thread.java:748)
Caused by: org.openqa.selenium.json.JsonException: Unable to determine type from: U. Last 1 characters read: U
Build info: version: '3.14.0', revision: 'aacccce0', time: '2018-08-02T20:19:58.91Z'
System info: host: 'EIDAN-DESKTOP', ip: '192.168.2.62', os.name: 'Windows 10', os.arch: 'amd64', os.version: '10.0', java.version: '1.8.0_181'
Driver info: driver.version: EdgeDriver
	at org.openqa.selenium.json.JsonInput.peek(JsonInput.java:121)
	at org.openqa.selenium.json.JsonTypeCoercer.lambda$null$6(JsonTypeCoercer.java:137)
	at org.openqa.selenium.json.JsonTypeCoercer.coerce(JsonTypeCoercer.java:123)
	at org.openqa.selenium.json.Json.toType(Json.java:60)
	at org.openqa.selenium.json.Json.toType(Json.java:50)
	at org.openqa.selenium.remote.ProtocolHandshake.createSession(ProtocolHandshake.java:108)
	... 29 more
]]>
    </failure>
  </testcase> <!-- FAQPageContent -->
  <testcase name="DefaultHomePage" time="4.590" classname="com.cloudents.AutomationTest.CloudentsAutoTests"/>
  <testcase name="PrivacyPageContent" time="1.984" classname="com.cloudents.AutomationTest.CloudentsAutoTests">
    <error type="java.lang.AssertionError" message="expected [https://www.spitball.co/ask] but found [https://dev.spitball.co/privacy]">
      <![CDATA[java.lang.AssertionError: expected [https://www.spitball.co/ask] but found [https://dev.spitball.co/privacy]
	at org.testng.Assert.fail(Assert.java:94)
	at org.testng.Assert.failNotEquals(Assert.java:494)
	at org.testng.Assert.assertEquals(Assert.java:123)
	at org.testng.Assert.assertEquals(Assert.java:176)
	at org.testng.Assert.assertEquals(Assert.java:186)
	at com.cloudents.AutomationTest.CloudentsAutoTests.checkNewWindowAddress(CloudentsAutoTests.java:441)
	at com.cloudents.AutomationTest.CloudentsAutoTests.PrivacyPageContent(CloudentsAutoTests.java:403)
	at sun.reflect.NativeMethodAccessorImpl.invoke0(Native Method)
	at sun.reflect.NativeMethodAccessorImpl.invoke(NativeMethodAccessorImpl.java:62)
	at sun.reflect.DelegatingMethodAccessorImpl.invoke(DelegatingMethodAccessorImpl.java:43)
	at java.lang.reflect.Method.invoke(Method.java:498)
	at org.testng.internal.MethodInvocationHelper.invokeMethod(MethodInvocationHelper.java:84)
	at org.testng.internal.Invoker.invokeMethod(Invoker.java:714)
	at org.testng.internal.Invoker.invokeTestMethod(Invoker.java:901)
	at org.testng.internal.Invoker.invokeTestMethods(Invoker.java:1231)
	at org.testng.internal.TestMethodWorker.invokeTestMethods(TestMethodWorker.java:127)
	at org.testng.internal.TestMethodWorker.run(TestMethodWorker.java:111)
	at org.testng.TestRunner.privateRun(TestRunner.java:767)
	at org.testng.TestRunner.run(TestRunner.java:617)
	at org.testng.SuiteRunner.runTest(SuiteRunner.java:334)
	at org.testng.SuiteRunner.access$000(SuiteRunner.java:37)
	at org.testng.SuiteRunner$SuiteWorker.run(SuiteRunner.java:368)
	at org.testng.internal.thread.ThreadUtil$2.call(ThreadUtil.java:64)
	at java.util.concurrent.FutureTask.run(FutureTask.java:266)
	at java.util.concurrent.ThreadPoolExecutor.runWorker(ThreadPoolExecutor.java:1149)
	at java.util.concurrent.ThreadPoolExecutor$Worker.run(ThreadPoolExecutor.java:624)
	at java.lang.Thread.run(Thread.java:748)
]]>
    </error>
  </testcase> <!-- PrivacyPageContent -->
  <testcase name="PartnersPageContent" time="5.258" classname="com.cloudents.AutomationTest.CloudentsAutoTests"/>
  <testcase name="PrivacyPageContent" time="0.000" classname="com.cloudents.AutomationTest.CloudentsAutoTests">
    <failure type="org.openqa.selenium.WebDriverException" message="Unable to parse remote response: Unknown error">
      <![CDATA[org.openqa.selenium.WebDriverException: Unable to parse remote response: Unknown error
	at org.openqa.selenium.remote.ProtocolHandshake.createSession(ProtocolHandshake.java:111)
	at org.openqa.selenium.remote.ProtocolHandshake.createSession(ProtocolHandshake.java:73)
	at org.openqa.selenium.remote.HttpCommandExecutor.execute(HttpCommandExecutor.java:136)
	at org.openqa.selenium.remote.service.DriverCommandExecutor.execute(DriverCommandExecutor.java:83)
	at org.openqa.selenium.remote.RemoteWebDriver.execute(RemoteWebDriver.java:548)
	at org.openqa.selenium.remote.RemoteWebDriver.startSession(RemoteWebDriver.java:212)
	at org.openqa.selenium.remote.RemoteWebDriver.<init>(RemoteWebDriver.java:130)
	at org.openqa.selenium.edge.EdgeDriver.<init>(EdgeDriver.java:141)
	at org.openqa.selenium.edge.EdgeDriver.<init>(EdgeDriver.java:96)
	at com.cloudents.AutomationTest.CloudentsAutoTests.setup(CloudentsAutoTests.java:72)
	at sun.reflect.NativeMethodAccessorImpl.invoke0(Native Method)
	at sun.reflect.NativeMethodAccessorImpl.invoke(NativeMethodAccessorImpl.java:62)
	at sun.reflect.DelegatingMethodAccessorImpl.invoke(DelegatingMethodAccessorImpl.java:43)
	at java.lang.reflect.Method.invoke(Method.java:498)
	at org.testng.internal.MethodInvocationHelper.invokeMethod(MethodInvocationHelper.java:84)
	at org.testng.internal.Invoker.invokeConfigurationMethod(Invoker.java:564)
	at org.testng.internal.Invoker.invokeConfigurations(Invoker.java:213)
	at org.testng.internal.Invoker.invokeConfigurations(Invoker.java:138)
	at org.testng.internal.TestMethodWorker.invokeBeforeClassMethods(TestMethodWorker.java:175)
	at org.testng.internal.TestMethodWorker.run(TestMethodWorker.java:107)
	at org.testng.TestRunner.privateRun(TestRunner.java:767)
	at org.testng.TestRunner.run(TestRunner.java:617)
	at org.testng.SuiteRunner.runTest(SuiteRunner.java:334)
	at org.testng.SuiteRunner.access$000(SuiteRunner.java:37)
	at org.testng.SuiteRunner$SuiteWorker.run(SuiteRunner.java:368)
	at org.testng.internal.thread.ThreadUtil$2.call(ThreadUtil.java:64)
	at java.util.concurrent.FutureTask.run(FutureTask.java:266)
	at java.util.concurrent.ThreadPoolExecutor.runWorker(ThreadPoolExecutor.java:1149)
	at java.util.concurrent.ThreadPoolExecutor$Worker.run(ThreadPoolExecutor.java:624)
	at java.lang.Thread.run(Thread.java:748)
Caused by: org.openqa.selenium.json.JsonException: Unable to determine type from: U. Last 1 characters read: U
Build info: version: '3.14.0', revision: 'aacccce0', time: '2018-08-02T20:19:58.91Z'
System info: host: 'EIDAN-DESKTOP', ip: '192.168.2.62', os.name: 'Windows 10', os.arch: 'amd64', os.version: '10.0', java.version: '1.8.0_181'
Driver info: driver.version: EdgeDriver
	at org.openqa.selenium.json.JsonInput.peek(JsonInput.java:121)
	at org.openqa.selenium.json.JsonTypeCoercer.lambda$null$6(JsonTypeCoercer.java:137)
	at org.openqa.selenium.json.JsonTypeCoercer.coerce(JsonTypeCoercer.java:123)
	at org.openqa.selenium.json.Json.toType(Json.java:60)
	at org.openqa.selenium.json.Json.toType(Json.java:50)
	at org.openqa.selenium.remote.ProtocolHandshake.createSession(ProtocolHandshake.java:108)
	... 29 more
]]>
    </failure>
  </testcase> <!-- PrivacyPageContent -->
  <testcase name="RepsPageContent" time="0.000" classname="com.cloudents.AutomationTest.CloudentsAutoTests">
    <failure type="org.openqa.selenium.WebDriverException" message="Unable to parse remote response: Unknown error">
      <![CDATA[org.openqa.selenium.WebDriverException: Unable to parse remote response: Unknown error
	at org.openqa.selenium.remote.ProtocolHandshake.createSession(ProtocolHandshake.java:111)
	at org.openqa.selenium.remote.ProtocolHandshake.createSession(ProtocolHandshake.java:73)
	at org.openqa.selenium.remote.HttpCommandExecutor.execute(HttpCommandExecutor.java:136)
	at org.openqa.selenium.remote.service.DriverCommandExecutor.execute(DriverCommandExecutor.java:83)
	at org.openqa.selenium.remote.RemoteWebDriver.execute(RemoteWebDriver.java:548)
	at org.openqa.selenium.remote.RemoteWebDriver.startSession(RemoteWebDriver.java:212)
	at org.openqa.selenium.remote.RemoteWebDriver.<init>(RemoteWebDriver.java:130)
	at org.openqa.selenium.edge.EdgeDriver.<init>(EdgeDriver.java:141)
	at org.openqa.selenium.edge.EdgeDriver.<init>(EdgeDriver.java:96)
	at com.cloudents.AutomationTest.CloudentsAutoTests.setup(CloudentsAutoTests.java:72)
	at sun.reflect.NativeMethodAccessorImpl.invoke0(Native Method)
	at sun.reflect.NativeMethodAccessorImpl.invoke(NativeMethodAccessorImpl.java:62)
	at sun.reflect.DelegatingMethodAccessorImpl.invoke(DelegatingMethodAccessorImpl.java:43)
	at java.lang.reflect.Method.invoke(Method.java:498)
	at org.testng.internal.MethodInvocationHelper.invokeMethod(MethodInvocationHelper.java:84)
	at org.testng.internal.Invoker.invokeConfigurationMethod(Invoker.java:564)
	at org.testng.internal.Invoker.invokeConfigurations(Invoker.java:213)
	at org.testng.internal.Invoker.invokeConfigurations(Invoker.java:138)
	at org.testng.internal.TestMethodWorker.invokeBeforeClassMethods(TestMethodWorker.java:175)
	at org.testng.internal.TestMethodWorker.run(TestMethodWorker.java:107)
	at org.testng.TestRunner.privateRun(TestRunner.java:767)
	at org.testng.TestRunner.run(TestRunner.java:617)
	at org.testng.SuiteRunner.runTest(SuiteRunner.java:334)
	at org.testng.SuiteRunner.access$000(SuiteRunner.java:37)
	at org.testng.SuiteRunner$SuiteWorker.run(SuiteRunner.java:368)
	at org.testng.internal.thread.ThreadUtil$2.call(ThreadUtil.java:64)
	at java.util.concurrent.FutureTask.run(FutureTask.java:266)
	at java.util.concurrent.ThreadPoolExecutor.runWorker(ThreadPoolExecutor.java:1149)
	at java.util.concurrent.ThreadPoolExecutor$Worker.run(ThreadPoolExecutor.java:624)
	at java.lang.Thread.run(Thread.java:748)
Caused by: org.openqa.selenium.json.JsonException: Unable to determine type from: U. Last 1 characters read: U
Build info: version: '3.14.0', revision: 'aacccce0', time: '2018-08-02T20:19:58.91Z'
System info: host: 'EIDAN-DESKTOP', ip: '192.168.2.62', os.name: 'Windows 10', os.arch: 'amd64', os.version: '10.0', java.version: '1.8.0_181'
Driver info: driver.version: EdgeDriver
	at org.openqa.selenium.json.JsonInput.peek(JsonInput.java:121)
	at org.openqa.selenium.json.JsonTypeCoercer.lambda$null$6(JsonTypeCoercer.java:137)
	at org.openqa.selenium.json.JsonTypeCoercer.coerce(JsonTypeCoercer.java:123)
	at org.openqa.selenium.json.Json.toType(Json.java:60)
	at org.openqa.selenium.json.Json.toType(Json.java:50)
	at org.openqa.selenium.remote.ProtocolHandshake.createSession(ProtocolHandshake.java:108)
	... 29 more
]]>
    </failure>
  </testcase> <!-- RepsPageContent -->
  <testcase name="FAQPageContent" time="21.210" classname="com.cloudents.AutomationTest.CloudentsAutoTests"/>
  <testcase name="AboutPageContent" time="0.000" classname="com.cloudents.AutomationTest.CloudentsAutoTests">
    <failure type="org.openqa.selenium.WebDriverException" message="Unable to parse remote response: Unknown error">
      <![CDATA[org.openqa.selenium.WebDriverException: Unable to parse remote response: Unknown error
	at org.openqa.selenium.remote.ProtocolHandshake.createSession(ProtocolHandshake.java:111)
	at org.openqa.selenium.remote.ProtocolHandshake.createSession(ProtocolHandshake.java:73)
	at org.openqa.selenium.remote.HttpCommandExecutor.execute(HttpCommandExecutor.java:136)
	at org.openqa.selenium.remote.service.DriverCommandExecutor.execute(DriverCommandExecutor.java:83)
	at org.openqa.selenium.remote.RemoteWebDriver.execute(RemoteWebDriver.java:548)
	at org.openqa.selenium.remote.RemoteWebDriver.startSession(RemoteWebDriver.java:212)
	at org.openqa.selenium.remote.RemoteWebDriver.<init>(RemoteWebDriver.java:130)
	at org.openqa.selenium.edge.EdgeDriver.<init>(EdgeDriver.java:141)
	at org.openqa.selenium.edge.EdgeDriver.<init>(EdgeDriver.java:96)
	at com.cloudents.AutomationTest.CloudentsAutoTests.setup(CloudentsAutoTests.java:72)
	at sun.reflect.NativeMethodAccessorImpl.invoke0(Native Method)
	at sun.reflect.NativeMethodAccessorImpl.invoke(NativeMethodAccessorImpl.java:62)
	at sun.reflect.DelegatingMethodAccessorImpl.invoke(DelegatingMethodAccessorImpl.java:43)
	at java.lang.reflect.Method.invoke(Method.java:498)
	at org.testng.internal.MethodInvocationHelper.invokeMethod(MethodInvocationHelper.java:84)
	at org.testng.internal.Invoker.invokeConfigurationMethod(Invoker.java:564)
	at org.testng.internal.Invoker.invokeConfigurations(Invoker.java:213)
	at org.testng.internal.Invoker.invokeConfigurations(Invoker.java:138)
	at org.testng.internal.TestMethodWorker.invokeBeforeClassMethods(TestMethodWorker.java:175)
	at org.testng.internal.TestMethodWorker.run(TestMethodWorker.java:107)
	at org.testng.TestRunner.privateRun(TestRunner.java:767)
	at org.testng.TestRunner.run(TestRunner.java:617)
	at org.testng.SuiteRunner.runTest(SuiteRunner.java:334)
	at org.testng.SuiteRunner.access$000(SuiteRunner.java:37)
	at org.testng.SuiteRunner$SuiteWorker.run(SuiteRunner.java:368)
	at org.testng.internal.thread.ThreadUtil$2.call(ThreadUtil.java:64)
	at java.util.concurrent.FutureTask.run(FutureTask.java:266)
	at java.util.concurrent.ThreadPoolExecutor.runWorker(ThreadPoolExecutor.java:1149)
	at java.util.concurrent.ThreadPoolExecutor$Worker.run(ThreadPoolExecutor.java:624)
	at java.lang.Thread.run(Thread.java:748)
Caused by: org.openqa.selenium.json.JsonException: Unable to determine type from: U. Last 1 characters read: U
Build info: version: '3.14.0', revision: 'aacccce0', time: '2018-08-02T20:19:58.91Z'
System info: host: 'EIDAN-DESKTOP', ip: '192.168.2.62', os.name: 'Windows 10', os.arch: 'amd64', os.version: '10.0', java.version: '1.8.0_181'
Driver info: driver.version: EdgeDriver
	at org.openqa.selenium.json.JsonInput.peek(JsonInput.java:121)
	at org.openqa.selenium.json.JsonTypeCoercer.lambda$null$6(JsonTypeCoercer.java:137)
	at org.openqa.selenium.json.JsonTypeCoercer.coerce(JsonTypeCoercer.java:123)
	at org.openqa.selenium.json.Json.toType(Json.java:60)
	at org.openqa.selenium.json.Json.toType(Json.java:50)
	at org.openqa.selenium.remote.ProtocolHandshake.createSession(ProtocolHandshake.java:108)
	... 29 more
]]>
    </failure>
  </testcase> <!-- AboutPageContent -->
  <testcase name="TermsPageContent" time="0.000" classname="com.cloudents.AutomationTest.CloudentsAutoTests">
    <failure type="org.openqa.selenium.WebDriverException" message="Unable to parse remote response: Unknown error">
      <![CDATA[org.openqa.selenium.WebDriverException: Unable to parse remote response: Unknown error
	at org.openqa.selenium.remote.ProtocolHandshake.createSession(ProtocolHandshake.java:111)
	at org.openqa.selenium.remote.ProtocolHandshake.createSession(ProtocolHandshake.java:73)
	at org.openqa.selenium.remote.HttpCommandExecutor.execute(HttpCommandExecutor.java:136)
	at org.openqa.selenium.remote.service.DriverCommandExecutor.execute(DriverCommandExecutor.java:83)
	at org.openqa.selenium.remote.RemoteWebDriver.execute(RemoteWebDriver.java:548)
	at org.openqa.selenium.remote.RemoteWebDriver.startSession(RemoteWebDriver.java:212)
	at org.openqa.selenium.remote.RemoteWebDriver.<init>(RemoteWebDriver.java:130)
	at org.openqa.selenium.edge.EdgeDriver.<init>(EdgeDriver.java:141)
	at org.openqa.selenium.edge.EdgeDriver.<init>(EdgeDriver.java:96)
	at com.cloudents.AutomationTest.CloudentsAutoTests.setup(CloudentsAutoTests.java:72)
	at sun.reflect.NativeMethodAccessorImpl.invoke0(Native Method)
	at sun.reflect.NativeMethodAccessorImpl.invoke(NativeMethodAccessorImpl.java:62)
	at sun.reflect.DelegatingMethodAccessorImpl.invoke(DelegatingMethodAccessorImpl.java:43)
	at java.lang.reflect.Method.invoke(Method.java:498)
	at org.testng.internal.MethodInvocationHelper.invokeMethod(MethodInvocationHelper.java:84)
	at org.testng.internal.Invoker.invokeConfigurationMethod(Invoker.java:564)
	at org.testng.internal.Invoker.invokeConfigurations(Invoker.java:213)
	at org.testng.internal.Invoker.invokeConfigurations(Invoker.java:138)
	at org.testng.internal.TestMethodWorker.invokeBeforeClassMethods(TestMethodWorker.java:175)
	at org.testng.internal.TestMethodWorker.run(TestMethodWorker.java:107)
	at org.testng.TestRunner.privateRun(TestRunner.java:767)
	at org.testng.TestRunner.run(TestRunner.java:617)
	at org.testng.SuiteRunner.runTest(SuiteRunner.java:334)
	at org.testng.SuiteRunner.access$000(SuiteRunner.java:37)
	at org.testng.SuiteRunner$SuiteWorker.run(SuiteRunner.java:368)
	at org.testng.internal.thread.ThreadUtil$2.call(ThreadUtil.java:64)
	at java.util.concurrent.FutureTask.run(FutureTask.java:266)
	at java.util.concurrent.ThreadPoolExecutor.runWorker(ThreadPoolExecutor.java:1149)
	at java.util.concurrent.ThreadPoolExecutor$Worker.run(ThreadPoolExecutor.java:624)
	at java.lang.Thread.run(Thread.java:748)
Caused by: org.openqa.selenium.json.JsonException: Unable to determine type from: U. Last 1 characters read: U
Build info: version: '3.14.0', revision: 'aacccce0', time: '2018-08-02T20:19:58.91Z'
System info: host: 'EIDAN-DESKTOP', ip: '192.168.2.62', os.name: 'Windows 10', os.arch: 'amd64', os.version: '10.0', java.version: '1.8.0_181'
Driver info: driver.version: EdgeDriver
	at org.openqa.selenium.json.JsonInput.peek(JsonInput.java:121)
	at org.openqa.selenium.json.JsonTypeCoercer.lambda$null$6(JsonTypeCoercer.java:137)
	at org.openqa.selenium.json.JsonTypeCoercer.coerce(JsonTypeCoercer.java:123)
	at org.openqa.selenium.json.Json.toType(Json.java:60)
	at org.openqa.selenium.json.Json.toType(Json.java:50)
	at org.openqa.selenium.remote.ProtocolHandshake.createSession(ProtocolHandshake.java:108)
	... 29 more
]]>
    </failure>
  </testcase> <!-- TermsPageContent -->
  <testcase name="loginNavigation" time="4.772" classname="com.cloudents.AutomationTest.CloudentsAutoTests"/>
  <testcase name="MainTabsNavigation" time="0.001" classname="com.cloudents.AutomationTest.CloudentsAutoTests">
    <failure type="org.openqa.selenium.WebDriverException" message="Unable to parse remote response: Unknown error">
      <![CDATA[org.openqa.selenium.WebDriverException: Unable to parse remote response: Unknown error
	at org.openqa.selenium.remote.ProtocolHandshake.createSession(ProtocolHandshake.java:111)
	at org.openqa.selenium.remote.ProtocolHandshake.createSession(ProtocolHandshake.java:73)
	at org.openqa.selenium.remote.HttpCommandExecutor.execute(HttpCommandExecutor.java:136)
	at org.openqa.selenium.remote.service.DriverCommandExecutor.execute(DriverCommandExecutor.java:83)
	at org.openqa.selenium.remote.RemoteWebDriver.execute(RemoteWebDriver.java:548)
	at org.openqa.selenium.remote.RemoteWebDriver.startSession(RemoteWebDriver.java:212)
	at org.openqa.selenium.remote.RemoteWebDriver.<init>(RemoteWebDriver.java:130)
	at org.openqa.selenium.edge.EdgeDriver.<init>(EdgeDriver.java:141)
	at org.openqa.selenium.edge.EdgeDriver.<init>(EdgeDriver.java:96)
	at com.cloudents.AutomationTest.CloudentsAutoTests.setup(CloudentsAutoTests.java:72)
	at sun.reflect.NativeMethodAccessorImpl.invoke0(Native Method)
	at sun.reflect.NativeMethodAccessorImpl.invoke(NativeMethodAccessorImpl.java:62)
	at sun.reflect.DelegatingMethodAccessorImpl.invoke(DelegatingMethodAccessorImpl.java:43)
	at java.lang.reflect.Method.invoke(Method.java:498)
	at org.testng.internal.MethodInvocationHelper.invokeMethod(MethodInvocationHelper.java:84)
	at org.testng.internal.Invoker.invokeConfigurationMethod(Invoker.java:564)
	at org.testng.internal.Invoker.invokeConfigurations(Invoker.java:213)
	at org.testng.internal.Invoker.invokeConfigurations(Invoker.java:138)
	at org.testng.internal.TestMethodWorker.invokeBeforeClassMethods(TestMethodWorker.java:175)
	at org.testng.internal.TestMethodWorker.run(TestMethodWorker.java:107)
	at org.testng.TestRunner.privateRun(TestRunner.java:767)
	at org.testng.TestRunner.run(TestRunner.java:617)
	at org.testng.SuiteRunner.runTest(SuiteRunner.java:334)
	at org.testng.SuiteRunner.access$000(SuiteRunner.java:37)
	at org.testng.SuiteRunner$SuiteWorker.run(SuiteRunner.java:368)
	at org.testng.internal.thread.ThreadUtil$2.call(ThreadUtil.java:64)
	at java.util.concurrent.FutureTask.run(FutureTask.java:266)
	at java.util.concurrent.ThreadPoolExecutor.runWorker(ThreadPoolExecutor.java:1149)
	at java.util.concurrent.ThreadPoolExecutor$Worker.run(ThreadPoolExecutor.java:624)
	at java.lang.Thread.run(Thread.java:748)
Caused by: org.openqa.selenium.json.JsonException: Unable to determine type from: U. Last 1 characters read: U
Build info: version: '3.14.0', revision: 'aacccce0', time: '2018-08-02T20:19:58.91Z'
System info: host: 'EIDAN-DESKTOP', ip: '192.168.2.62', os.name: 'Windows 10', os.arch: 'amd64', os.version: '10.0', java.version: '1.8.0_181'
Driver info: driver.version: EdgeDriver
	at org.openqa.selenium.json.JsonInput.peek(JsonInput.java:121)
	at org.openqa.selenium.json.JsonTypeCoercer.lambda$null$6(JsonTypeCoercer.java:137)
	at org.openqa.selenium.json.JsonTypeCoercer.coerce(JsonTypeCoercer.java:123)
	at org.openqa.selenium.json.Json.toType(Json.java:60)
	at org.openqa.selenium.json.Json.toType(Json.java:50)
	at org.openqa.selenium.remote.ProtocolHandshake.createSession(ProtocolHandshake.java:108)
	... 29 more
]]>
    </failure>
  </testcase> <!-- MainTabsNavigation -->
  <testcase name="PrivacyPageContent" time="0.001" classname="com.cloudents.AutomationTest.CloudentsAutoTests">
    <failure type="org.openqa.selenium.WebDriverException" message="Unable to parse remote response: Unknown error">
      <![CDATA[org.openqa.selenium.WebDriverException: Unable to parse remote response: Unknown error
	at org.openqa.selenium.remote.ProtocolHandshake.createSession(ProtocolHandshake.java:111)
	at org.openqa.selenium.remote.ProtocolHandshake.createSession(ProtocolHandshake.java:73)
	at org.openqa.selenium.remote.HttpCommandExecutor.execute(HttpCommandExecutor.java:136)
	at org.openqa.selenium.remote.service.DriverCommandExecutor.execute(DriverCommandExecutor.java:83)
	at org.openqa.selenium.remote.RemoteWebDriver.execute(RemoteWebDriver.java:548)
	at org.openqa.selenium.remote.RemoteWebDriver.startSession(RemoteWebDriver.java:212)
	at org.openqa.selenium.remote.RemoteWebDriver.<init>(RemoteWebDriver.java:130)
	at org.openqa.selenium.edge.EdgeDriver.<init>(EdgeDriver.java:141)
	at org.openqa.selenium.edge.EdgeDriver.<init>(EdgeDriver.java:96)
	at com.cloudents.AutomationTest.CloudentsAutoTests.setup(CloudentsAutoTests.java:72)
	at sun.reflect.NativeMethodAccessorImpl.invoke0(Native Method)
	at sun.reflect.NativeMethodAccessorImpl.invoke(NativeMethodAccessorImpl.java:62)
	at sun.reflect.DelegatingMethodAccessorImpl.invoke(DelegatingMethodAccessorImpl.java:43)
	at java.lang.reflect.Method.invoke(Method.java:498)
	at org.testng.internal.MethodInvocationHelper.invokeMethod(MethodInvocationHelper.java:84)
	at org.testng.internal.Invoker.invokeConfigurationMethod(Invoker.java:564)
	at org.testng.internal.Invoker.invokeConfigurations(Invoker.java:213)
	at org.testng.internal.Invoker.invokeConfigurations(Invoker.java:138)
	at org.testng.internal.TestMethodWorker.invokeBeforeClassMethods(TestMethodWorker.java:175)
	at org.testng.internal.TestMethodWorker.run(TestMethodWorker.java:107)
	at org.testng.TestRunner.privateRun(TestRunner.java:767)
	at org.testng.TestRunner.run(TestRunner.java:617)
	at org.testng.SuiteRunner.runTest(SuiteRunner.java:334)
	at org.testng.SuiteRunner.access$000(SuiteRunner.java:37)
	at org.testng.SuiteRunner$SuiteWorker.run(SuiteRunner.java:368)
	at org.testng.internal.thread.ThreadUtil$2.call(ThreadUtil.java:64)
	at java.util.concurrent.FutureTask.run(FutureTask.java:266)
	at java.util.concurrent.ThreadPoolExecutor.runWorker(ThreadPoolExecutor.java:1149)
	at java.util.concurrent.ThreadPoolExecutor$Worker.run(ThreadPoolExecutor.java:624)
	at java.lang.Thread.run(Thread.java:748)
Caused by: org.openqa.selenium.json.JsonException: Unable to determine type from: U. Last 1 characters read: U
Build info: version: '3.14.0', revision: 'aacccce0', time: '2018-08-02T20:19:58.91Z'
System info: host: 'EIDAN-DESKTOP', ip: '192.168.2.62', os.name: 'Windows 10', os.arch: 'amd64', os.version: '10.0', java.version: '1.8.0_181'
Driver info: driver.version: EdgeDriver
	at org.openqa.selenium.json.JsonInput.peek(JsonInput.java:121)
	at org.openqa.selenium.json.JsonTypeCoercer.lambda$null$6(JsonTypeCoercer.java:137)
	at org.openqa.selenium.json.JsonTypeCoercer.coerce(JsonTypeCoercer.java:123)
	at org.openqa.selenium.json.Json.toType(Json.java:60)
	at org.openqa.selenium.json.Json.toType(Json.java:50)
	at org.openqa.selenium.remote.ProtocolHandshake.createSession(ProtocolHandshake.java:108)
	... 29 more
]]>
    </failure>
  </testcase> <!-- PrivacyPageContent -->
  <testcase name="loginNavigation" time="0.000" classname="com.cloudents.AutomationTest.CloudentsAutoTests">
    <failure type="org.openqa.selenium.WebDriverException" message="Unable to parse remote response: Unknown error">
      <![CDATA[org.openqa.selenium.WebDriverException: Unable to parse remote response: Unknown error
	at org.openqa.selenium.remote.ProtocolHandshake.createSession(ProtocolHandshake.java:111)
	at org.openqa.selenium.remote.ProtocolHandshake.createSession(ProtocolHandshake.java:73)
	at org.openqa.selenium.remote.HttpCommandExecutor.execute(HttpCommandExecutor.java:136)
	at org.openqa.selenium.remote.service.DriverCommandExecutor.execute(DriverCommandExecutor.java:83)
	at org.openqa.selenium.remote.RemoteWebDriver.execute(RemoteWebDriver.java:548)
	at org.openqa.selenium.remote.RemoteWebDriver.startSession(RemoteWebDriver.java:212)
	at org.openqa.selenium.remote.RemoteWebDriver.<init>(RemoteWebDriver.java:130)
	at org.openqa.selenium.edge.EdgeDriver.<init>(EdgeDriver.java:141)
	at org.openqa.selenium.edge.EdgeDriver.<init>(EdgeDriver.java:96)
	at com.cloudents.AutomationTest.CloudentsAutoTests.setup(CloudentsAutoTests.java:72)
	at sun.reflect.NativeMethodAccessorImpl.invoke0(Native Method)
	at sun.reflect.NativeMethodAccessorImpl.invoke(NativeMethodAccessorImpl.java:62)
	at sun.reflect.DelegatingMethodAccessorImpl.invoke(DelegatingMethodAccessorImpl.java:43)
	at java.lang.reflect.Method.invoke(Method.java:498)
	at org.testng.internal.MethodInvocationHelper.invokeMethod(MethodInvocationHelper.java:84)
	at org.testng.internal.Invoker.invokeConfigurationMethod(Invoker.java:564)
	at org.testng.internal.Invoker.invokeConfigurations(Invoker.java:213)
	at org.testng.internal.Invoker.invokeConfigurations(Invoker.java:138)
	at org.testng.internal.TestMethodWorker.invokeBeforeClassMethods(TestMethodWorker.java:175)
	at org.testng.internal.TestMethodWorker.run(TestMethodWorker.java:107)
	at org.testng.TestRunner.privateRun(TestRunner.java:767)
	at org.testng.TestRunner.run(TestRunner.java:617)
	at org.testng.SuiteRunner.runTest(SuiteRunner.java:334)
	at org.testng.SuiteRunner.access$000(SuiteRunner.java:37)
	at org.testng.SuiteRunner$SuiteWorker.run(SuiteRunner.java:368)
	at org.testng.internal.thread.ThreadUtil$2.call(ThreadUtil.java:64)
	at java.util.concurrent.FutureTask.run(FutureTask.java:266)
	at java.util.concurrent.ThreadPoolExecutor.runWorker(ThreadPoolExecutor.java:1149)
	at java.util.concurrent.ThreadPoolExecutor$Worker.run(ThreadPoolExecutor.java:624)
	at java.lang.Thread.run(Thread.java:748)
Caused by: org.openqa.selenium.json.JsonException: Unable to determine type from: U. Last 1 characters read: U
Build info: version: '3.14.0', revision: 'aacccce0', time: '2018-08-02T20:19:58.91Z'
System info: host: 'EIDAN-DESKTOP', ip: '192.168.2.62', os.name: 'Windows 10', os.arch: 'amd64', os.version: '10.0', java.version: '1.8.0_181'
Driver info: driver.version: EdgeDriver
	at org.openqa.selenium.json.JsonInput.peek(JsonInput.java:121)
	at org.openqa.selenium.json.JsonTypeCoercer.lambda$null$6(JsonTypeCoercer.java:137)
	at org.openqa.selenium.json.JsonTypeCoercer.coerce(JsonTypeCoercer.java:123)
	at org.openqa.selenium.json.Json.toType(Json.java:60)
	at org.openqa.selenium.json.Json.toType(Json.java:50)
	at org.openqa.selenium.remote.ProtocolHandshake.createSession(ProtocolHandshake.java:108)
	... 29 more
]]>
    </failure>
  </testcase> <!-- loginNavigation -->
  <testcase name="TermsPageContent" time="6.919" classname="com.cloudents.AutomationTest.CloudentsAutoTests"/>
  <testcase name="MainTabsNavigation" time="0.000" classname="com.cloudents.AutomationTest.CloudentsAutoTests">
    <failure type="org.openqa.selenium.WebDriverException" message="Unable to parse remote response: Unknown error">
      <![CDATA[org.openqa.selenium.WebDriverException: Unable to parse remote response: Unknown error
	at org.openqa.selenium.remote.ProtocolHandshake.createSession(ProtocolHandshake.java:111)
	at org.openqa.selenium.remote.ProtocolHandshake.createSession(ProtocolHandshake.java:73)
	at org.openqa.selenium.remote.HttpCommandExecutor.execute(HttpCommandExecutor.java:136)
	at org.openqa.selenium.remote.service.DriverCommandExecutor.execute(DriverCommandExecutor.java:83)
	at org.openqa.selenium.remote.RemoteWebDriver.execute(RemoteWebDriver.java:548)
	at org.openqa.selenium.remote.RemoteWebDriver.startSession(RemoteWebDriver.java:212)
	at org.openqa.selenium.remote.RemoteWebDriver.<init>(RemoteWebDriver.java:130)
	at org.openqa.selenium.edge.EdgeDriver.<init>(EdgeDriver.java:141)
	at org.openqa.selenium.edge.EdgeDriver.<init>(EdgeDriver.java:96)
	at com.cloudents.AutomationTest.CloudentsAutoTests.setup(CloudentsAutoTests.java:72)
	at sun.reflect.NativeMethodAccessorImpl.invoke0(Native Method)
	at sun.reflect.NativeMethodAccessorImpl.invoke(NativeMethodAccessorImpl.java:62)
	at sun.reflect.DelegatingMethodAccessorImpl.invoke(DelegatingMethodAccessorImpl.java:43)
	at java.lang.reflect.Method.invoke(Method.java:498)
	at org.testng.internal.MethodInvocationHelper.invokeMethod(MethodInvocationHelper.java:84)
	at org.testng.internal.Invoker.invokeConfigurationMethod(Invoker.java:564)
	at org.testng.internal.Invoker.invokeConfigurations(Invoker.java:213)
	at org.testng.internal.Invoker.invokeConfigurations(Invoker.java:138)
	at org.testng.internal.TestMethodWorker.invokeBeforeClassMethods(TestMethodWorker.java:175)
	at org.testng.internal.TestMethodWorker.run(TestMethodWorker.java:107)
	at org.testng.TestRunner.privateRun(TestRunner.java:767)
	at org.testng.TestRunner.run(TestRunner.java:617)
	at org.testng.SuiteRunner.runTest(SuiteRunner.java:334)
	at org.testng.SuiteRunner.access$000(SuiteRunner.java:37)
	at org.testng.SuiteRunner$SuiteWorker.run(SuiteRunner.java:368)
	at org.testng.internal.thread.ThreadUtil$2.call(ThreadUtil.java:64)
	at java.util.concurrent.FutureTask.run(FutureTask.java:266)
	at java.util.concurrent.ThreadPoolExecutor.runWorker(ThreadPoolExecutor.java:1149)
	at java.util.concurrent.ThreadPoolExecutor$Worker.run(ThreadPoolExecutor.java:624)
	at java.lang.Thread.run(Thread.java:748)
Caused by: org.openqa.selenium.json.JsonException: Unable to determine type from: U. Last 1 characters read: U
Build info: version: '3.14.0', revision: 'aacccce0', time: '2018-08-02T20:19:58.91Z'
System info: host: 'EIDAN-DESKTOP', ip: '192.168.2.62', os.name: 'Windows 10', os.arch: 'amd64', os.version: '10.0', java.version: '1.8.0_181'
Driver info: driver.version: EdgeDriver
	at org.openqa.selenium.json.JsonInput.peek(JsonInput.java:121)
	at org.openqa.selenium.json.JsonTypeCoercer.lambda$null$6(JsonTypeCoercer.java:137)
	at org.openqa.selenium.json.JsonTypeCoercer.coerce(JsonTypeCoercer.java:123)
	at org.openqa.selenium.json.Json.toType(Json.java:60)
	at org.openqa.selenium.json.Json.toType(Json.java:50)
	at org.openqa.selenium.remote.ProtocolHandshake.createSession(ProtocolHandshake.java:108)
	... 29 more
]]>
    </failure>
  </testcase> <!-- MainTabsNavigation -->
  <testcase name="DefaultHomePage" time="0.000" classname="com.cloudents.AutomationTest.CloudentsAutoTests">
    <failure type="org.openqa.selenium.WebDriverException" message="Unable to parse remote response: Unknown error">
      <![CDATA[org.openqa.selenium.WebDriverException: Unable to parse remote response: Unknown error
	at org.openqa.selenium.remote.ProtocolHandshake.createSession(ProtocolHandshake.java:111)
	at org.openqa.selenium.remote.ProtocolHandshake.createSession(ProtocolHandshake.java:73)
	at org.openqa.selenium.remote.HttpCommandExecutor.execute(HttpCommandExecutor.java:136)
	at org.openqa.selenium.remote.service.DriverCommandExecutor.execute(DriverCommandExecutor.java:83)
	at org.openqa.selenium.remote.RemoteWebDriver.execute(RemoteWebDriver.java:548)
	at org.openqa.selenium.remote.RemoteWebDriver.startSession(RemoteWebDriver.java:212)
	at org.openqa.selenium.remote.RemoteWebDriver.<init>(RemoteWebDriver.java:130)
	at org.openqa.selenium.edge.EdgeDriver.<init>(EdgeDriver.java:141)
	at org.openqa.selenium.edge.EdgeDriver.<init>(EdgeDriver.java:96)
	at com.cloudents.AutomationTest.CloudentsAutoTests.setup(CloudentsAutoTests.java:72)
	at sun.reflect.NativeMethodAccessorImpl.invoke0(Native Method)
	at sun.reflect.NativeMethodAccessorImpl.invoke(NativeMethodAccessorImpl.java:62)
	at sun.reflect.DelegatingMethodAccessorImpl.invoke(DelegatingMethodAccessorImpl.java:43)
	at java.lang.reflect.Method.invoke(Method.java:498)
	at org.testng.internal.MethodInvocationHelper.invokeMethod(MethodInvocationHelper.java:84)
	at org.testng.internal.Invoker.invokeConfigurationMethod(Invoker.java:564)
	at org.testng.internal.Invoker.invokeConfigurations(Invoker.java:213)
	at org.testng.internal.Invoker.invokeConfigurations(Invoker.java:138)
	at org.testng.internal.TestMethodWorker.invokeBeforeClassMethods(TestMethodWorker.java:175)
	at org.testng.internal.TestMethodWorker.run(TestMethodWorker.java:107)
	at org.testng.TestRunner.privateRun(TestRunner.java:767)
	at org.testng.TestRunner.run(TestRunner.java:617)
	at org.testng.SuiteRunner.runTest(SuiteRunner.java:334)
	at org.testng.SuiteRunner.access$000(SuiteRunner.java:37)
	at org.testng.SuiteRunner$SuiteWorker.run(SuiteRunner.java:368)
	at org.testng.internal.thread.ThreadUtil$2.call(ThreadUtil.java:64)
	at java.util.concurrent.FutureTask.run(FutureTask.java:266)
	at java.util.concurrent.ThreadPoolExecutor.runWorker(ThreadPoolExecutor.java:1149)
	at java.util.concurrent.ThreadPoolExecutor$Worker.run(ThreadPoolExecutor.java:624)
	at java.lang.Thread.run(Thread.java:748)
Caused by: org.openqa.selenium.json.JsonException: Unable to determine type from: U. Last 1 characters read: U
Build info: version: '3.14.0', revision: 'aacccce0', time: '2018-08-02T20:19:58.91Z'
System info: host: 'EIDAN-DESKTOP', ip: '192.168.2.62', os.name: 'Windows 10', os.arch: 'amd64', os.version: '10.0', java.version: '1.8.0_181'
Driver info: driver.version: EdgeDriver
	at org.openqa.selenium.json.JsonInput.peek(JsonInput.java:121)
	at org.openqa.selenium.json.JsonTypeCoercer.lambda$null$6(JsonTypeCoercer.java:137)
	at org.openqa.selenium.json.JsonTypeCoercer.coerce(JsonTypeCoercer.java:123)
	at org.openqa.selenium.json.Json.toType(Json.java:60)
	at org.openqa.selenium.json.Json.toType(Json.java:50)
	at org.openqa.selenium.remote.ProtocolHandshake.createSession(ProtocolHandshake.java:108)
	... 29 more
]]>
    </failure>
  </testcase> <!-- DefaultHomePage -->
  <testcase name="TermsPageContent" time="0.000" classname="com.cloudents.AutomationTest.CloudentsAutoTests">
    <failure type="org.openqa.selenium.WebDriverException" message="Unable to parse remote response: Unknown error">
      <![CDATA[org.openqa.selenium.WebDriverException: Unable to parse remote response: Unknown error
	at org.openqa.selenium.remote.ProtocolHandshake.createSession(ProtocolHandshake.java:111)
	at org.openqa.selenium.remote.ProtocolHandshake.createSession(ProtocolHandshake.java:73)
	at org.openqa.selenium.remote.HttpCommandExecutor.execute(HttpCommandExecutor.java:136)
	at org.openqa.selenium.remote.service.DriverCommandExecutor.execute(DriverCommandExecutor.java:83)
	at org.openqa.selenium.remote.RemoteWebDriver.execute(RemoteWebDriver.java:548)
	at org.openqa.selenium.remote.RemoteWebDriver.startSession(RemoteWebDriver.java:212)
	at org.openqa.selenium.remote.RemoteWebDriver.<init>(RemoteWebDriver.java:130)
	at org.openqa.selenium.edge.EdgeDriver.<init>(EdgeDriver.java:141)
	at org.openqa.selenium.edge.EdgeDriver.<init>(EdgeDriver.java:96)
	at com.cloudents.AutomationTest.CloudentsAutoTests.setup(CloudentsAutoTests.java:72)
	at sun.reflect.NativeMethodAccessorImpl.invoke0(Native Method)
	at sun.reflect.NativeMethodAccessorImpl.invoke(NativeMethodAccessorImpl.java:62)
	at sun.reflect.DelegatingMethodAccessorImpl.invoke(DelegatingMethodAccessorImpl.java:43)
	at java.lang.reflect.Method.invoke(Method.java:498)
	at org.testng.internal.MethodInvocationHelper.invokeMethod(MethodInvocationHelper.java:84)
	at org.testng.internal.Invoker.invokeConfigurationMethod(Invoker.java:564)
	at org.testng.internal.Invoker.invokeConfigurations(Invoker.java:213)
	at org.testng.internal.Invoker.invokeConfigurations(Invoker.java:138)
	at org.testng.internal.TestMethodWorker.invokeBeforeClassMethods(TestMethodWorker.java:175)
	at org.testng.internal.TestMethodWorker.run(TestMethodWorker.java:107)
	at org.testng.TestRunner.privateRun(TestRunner.java:767)
	at org.testng.TestRunner.run(TestRunner.java:617)
	at org.testng.SuiteRunner.runTest(SuiteRunner.java:334)
	at org.testng.SuiteRunner.access$000(SuiteRunner.java:37)
	at org.testng.SuiteRunner$SuiteWorker.run(SuiteRunner.java:368)
	at org.testng.internal.thread.ThreadUtil$2.call(ThreadUtil.java:64)
	at java.util.concurrent.FutureTask.run(FutureTask.java:266)
	at java.util.concurrent.ThreadPoolExecutor.runWorker(ThreadPoolExecutor.java:1149)
	at java.util.concurrent.ThreadPoolExecutor$Worker.run(ThreadPoolExecutor.java:624)
	at java.lang.Thread.run(Thread.java:748)
Caused by: org.openqa.selenium.json.JsonException: Unable to determine type from: U. Last 1 characters read: U
Build info: version: '3.14.0', revision: 'aacccce0', time: '2018-08-02T20:19:58.91Z'
System info: host: 'EIDAN-DESKTOP', ip: '192.168.2.62', os.name: 'Windows 10', os.arch: 'amd64', os.version: '10.0', java.version: '1.8.0_181'
Driver info: driver.version: EdgeDriver
	at org.openqa.selenium.json.JsonInput.peek(JsonInput.java:121)
	at org.openqa.selenium.json.JsonTypeCoercer.lambda$null$6(JsonTypeCoercer.java:137)
	at org.openqa.selenium.json.JsonTypeCoercer.coerce(JsonTypeCoercer.java:123)
	at org.openqa.selenium.json.Json.toType(Json.java:60)
	at org.openqa.selenium.json.Json.toType(Json.java:50)
	at org.openqa.selenium.remote.ProtocolHandshake.createSession(ProtocolHandshake.java:108)
	... 29 more
]]>
    </failure>
  </testcase> <!-- TermsPageContent -->
  <testcase name="AboutPageContent" time="17.675" classname="com.cloudents.AutomationTest.CloudentsAutoTests">
    <error type="java.lang.AssertionError" message="expected [https://dev.spitball.co/reps] but found [https://dev.spitball.co/partners]">
      <![CDATA[java.lang.AssertionError: expected [https://dev.spitball.co/reps] but found [https://dev.spitball.co/partners]
	at org.testng.Assert.fail(Assert.java:94)
	at org.testng.Assert.failNotEquals(Assert.java:494)
	at org.testng.Assert.assertEquals(Assert.java:123)
	at org.testng.Assert.assertEquals(Assert.java:176)
	at org.testng.Assert.assertEquals(Assert.java:186)
	at com.cloudents.AutomationTest.CloudentsAutoTests.AboutPageContent(CloudentsAutoTests.java:275)
	at sun.reflect.NativeMethodAccessorImpl.invoke0(Native Method)
	at sun.reflect.NativeMethodAccessorImpl.invoke(NativeMethodAccessorImpl.java:62)
	at sun.reflect.DelegatingMethodAccessorImpl.invoke(DelegatingMethodAccessorImpl.java:43)
	at java.lang.reflect.Method.invoke(Method.java:498)
	at org.testng.internal.MethodInvocationHelper.invokeMethod(MethodInvocationHelper.java:84)
	at org.testng.internal.Invoker.invokeMethod(Invoker.java:714)
	at org.testng.internal.Invoker.invokeTestMethod(Invoker.java:901)
	at org.testng.internal.Invoker.invokeTestMethods(Invoker.java:1231)
	at org.testng.internal.TestMethodWorker.invokeTestMethods(TestMethodWorker.java:127)
	at org.testng.internal.TestMethodWorker.run(TestMethodWorker.java:111)
	at org.testng.TestRunner.privateRun(TestRunner.java:767)
	at org.testng.TestRunner.run(TestRunner.java:617)
	at org.testng.SuiteRunner.runTest(SuiteRunner.java:334)
	at org.testng.SuiteRunner.access$000(SuiteRunner.java:37)
	at org.testng.SuiteRunner$SuiteWorker.run(SuiteRunner.java:368)
	at org.testng.internal.thread.ThreadUtil$2.call(ThreadUtil.java:64)
	at java.util.concurrent.FutureTask.run(FutureTask.java:266)
	at java.util.concurrent.ThreadPoolExecutor.runWorker(ThreadPoolExecutor.java:1149)
	at java.util.concurrent.ThreadPoolExecutor$Worker.run(ThreadPoolExecutor.java:624)
	at java.lang.Thread.run(Thread.java:748)
]]>
    </error>
  </testcase> <!-- AboutPageContent -->
  <testcase name="loginNavigation" time="0.000" classname="com.cloudents.AutomationTest.CloudentsAutoTests">
    <failure type="org.openqa.selenium.WebDriverException" message="Unable to parse remote response: Unknown error">
      <![CDATA[org.openqa.selenium.WebDriverException: Unable to parse remote response: Unknown error
	at org.openqa.selenium.remote.ProtocolHandshake.createSession(ProtocolHandshake.java:111)
	at org.openqa.selenium.remote.ProtocolHandshake.createSession(ProtocolHandshake.java:73)
	at org.openqa.selenium.remote.HttpCommandExecutor.execute(HttpCommandExecutor.java:136)
	at org.openqa.selenium.remote.service.DriverCommandExecutor.execute(DriverCommandExecutor.java:83)
	at org.openqa.selenium.remote.RemoteWebDriver.execute(RemoteWebDriver.java:548)
	at org.openqa.selenium.remote.RemoteWebDriver.startSession(RemoteWebDriver.java:212)
	at org.openqa.selenium.remote.RemoteWebDriver.<init>(RemoteWebDriver.java:130)
	at org.openqa.selenium.edge.EdgeDriver.<init>(EdgeDriver.java:141)
	at org.openqa.selenium.edge.EdgeDriver.<init>(EdgeDriver.java:96)
	at com.cloudents.AutomationTest.CloudentsAutoTests.setup(CloudentsAutoTests.java:72)
	at sun.reflect.NativeMethodAccessorImpl.invoke0(Native Method)
	at sun.reflect.NativeMethodAccessorImpl.invoke(NativeMethodAccessorImpl.java:62)
	at sun.reflect.DelegatingMethodAccessorImpl.invoke(DelegatingMethodAccessorImpl.java:43)
	at java.lang.reflect.Method.invoke(Method.java:498)
	at org.testng.internal.MethodInvocationHelper.invokeMethod(MethodInvocationHelper.java:84)
	at org.testng.internal.Invoker.invokeConfigurationMethod(Invoker.java:564)
	at org.testng.internal.Invoker.invokeConfigurations(Invoker.java:213)
	at org.testng.internal.Invoker.invokeConfigurations(Invoker.java:138)
	at org.testng.internal.TestMethodWorker.invokeBeforeClassMethods(TestMethodWorker.java:175)
	at org.testng.internal.TestMethodWorker.run(TestMethodWorker.java:107)
	at org.testng.TestRunner.privateRun(TestRunner.java:767)
	at org.testng.TestRunner.run(TestRunner.java:617)
	at org.testng.SuiteRunner.runTest(SuiteRunner.java:334)
	at org.testng.SuiteRunner.access$000(SuiteRunner.java:37)
	at org.testng.SuiteRunner$SuiteWorker.run(SuiteRunner.java:368)
	at org.testng.internal.thread.ThreadUtil$2.call(ThreadUtil.java:64)
	at java.util.concurrent.FutureTask.run(FutureTask.java:266)
	at java.util.concurrent.ThreadPoolExecutor.runWorker(ThreadPoolExecutor.java:1149)
	at java.util.concurrent.ThreadPoolExecutor$Worker.run(ThreadPoolExecutor.java:624)
	at java.lang.Thread.run(Thread.java:748)
Caused by: org.openqa.selenium.json.JsonException: Unable to determine type from: U. Last 1 characters read: U
Build info: version: '3.14.0', revision: 'aacccce0', time: '2018-08-02T20:19:58.91Z'
System info: host: 'EIDAN-DESKTOP', ip: '192.168.2.62', os.name: 'Windows 10', os.arch: 'amd64', os.version: '10.0', java.version: '1.8.0_181'
Driver info: driver.version: EdgeDriver
	at org.openqa.selenium.json.JsonInput.peek(JsonInput.java:121)
	at org.openqa.selenium.json.JsonTypeCoercer.lambda$null$6(JsonTypeCoercer.java:137)
	at org.openqa.selenium.json.JsonTypeCoercer.coerce(JsonTypeCoercer.java:123)
	at org.openqa.selenium.json.Json.toType(Json.java:60)
	at org.openqa.selenium.json.Json.toType(Json.java:50)
	at org.openqa.selenium.remote.ProtocolHandshake.createSession(ProtocolHandshake.java:108)
	... 29 more
]]>
    </failure>
  </testcase> <!-- loginNavigation -->
  <testcase name="AboutPageContent" time="18.882" classname="com.cloudents.AutomationTest.CloudentsAutoTests">
    <failure type="org.openqa.selenium.NoSuchElementException" message="Unable to find element with xpath == /html/body/div[1]/div[1]/div/div/nav/div/div/div[2]/div/div/div/div/div/div[2]/a
For documentation on this error, please visit: http://seleniumhq.org/exceptions/no_such_element.html
Build info: version: &#039;3.14.0&#039;, revision: &#039;aacccce0&#039;, time: &#039;2018-08-02T20:19:58.91Z&#039;
System info: host: &#039;EIDAN-DESKTOP&#039;, ip: &#039;192.168.2.62&#039;, os.name: &#039;Windows 10&#039;, os.arch: &#039;amd64&#039;, os.version: &#039;10.0&#039;, java.version: &#039;1.8.0_181&#039;
Driver info: org.openqa.selenium.ie.InternetExplorerDriver
Capabilities {acceptInsecureCerts: false, browserName: internet explorer, browserVersion: 11, javascriptEnabled: true, pageLoadStrategy: normal, platform: WINDOWS, platformName: WINDOWS, proxy: Proxy(), se:ieOptions: {browserAttachTimeout: 0, elementScrollBehavior: 0, enablePersistentHover: true, ie.browserCommandLineSwitches: , ie.ensureCleanSession: false, ie.fileUploadDialogTimeout: 3000, ie.forceCreateProcessApi: false, ignoreProtectedModeSettings: false, ignoreZoomSetting: false, initialBrowserUrl: http://localhost:39380/, nativeEvents: true, requireWindowFocus: false}, setWindowRect: true, timeouts: {implicit: 0, pageLoad: 300000, script: 30000}}
Session ID: 789cbe1a-0e45-4720-be89-9af0d715d7c0
*** Element info: {Using=xpath, value=/html/body/div[1]/div[1]/div/div/nav/div/div/div[2]/div/div/div/div/div/div[2]/a}">
      <![CDATA[org.openqa.selenium.NoSuchElementException: Unable to find element with xpath == /html/body/div[1]/div[1]/div/div/nav/div/div/div[2]/div/div/div/div/div/div[2]/a
For documentation on this error, please visit: http://seleniumhq.org/exceptions/no_such_element.html
Build info: version: '3.14.0', revision: 'aacccce0', time: '2018-08-02T20:19:58.91Z'
System info: host: 'EIDAN-DESKTOP', ip: '192.168.2.62', os.name: 'Windows 10', os.arch: 'amd64', os.version: '10.0', java.version: '1.8.0_181'
Driver info: org.openqa.selenium.ie.InternetExplorerDriver
Capabilities {acceptInsecureCerts: false, browserName: internet explorer, browserVersion: 11, javascriptEnabled: true, pageLoadStrategy: normal, platform: WINDOWS, platformName: WINDOWS, proxy: Proxy(), se:ieOptions: {browserAttachTimeout: 0, elementScrollBehavior: 0, enablePersistentHover: true, ie.browserCommandLineSwitches: , ie.ensureCleanSession: false, ie.fileUploadDialogTimeout: 3000, ie.forceCreateProcessApi: false, ignoreProtectedModeSettings: false, ignoreZoomSetting: false, initialBrowserUrl: http://localhost:39380/, nativeEvents: true, requireWindowFocus: false}, setWindowRect: true, timeouts: {implicit: 0, pageLoad: 300000, script: 30000}}
Session ID: 789cbe1a-0e45-4720-be89-9af0d715d7c0
*** Element info: {Using=xpath, value=/html/body/div[1]/div[1]/div/div/nav/div/div/div[2]/div/div/div/div/div/div[2]/a}
	at sun.reflect.NativeConstructorAccessorImpl.newInstance0(Native Method)
	at sun.reflect.NativeConstructorAccessorImpl.newInstance(NativeConstructorAccessorImpl.java:62)
	at sun.reflect.DelegatingConstructorAccessorImpl.newInstance(DelegatingConstructorAccessorImpl.java:45)
	at java.lang.reflect.Constructor.newInstance(Constructor.java:423)
	at org.openqa.selenium.remote.http.W3CHttpResponseCodec.createException(W3CHttpResponseCodec.java:187)
	at org.openqa.selenium.remote.http.W3CHttpResponseCodec.decode(W3CHttpResponseCodec.java:122)
	at org.openqa.selenium.remote.http.W3CHttpResponseCodec.decode(W3CHttpResponseCodec.java:49)
	at org.openqa.selenium.remote.HttpCommandExecutor.execute(HttpCommandExecutor.java:158)
	at org.openqa.selenium.remote.service.DriverCommandExecutor.execute(DriverCommandExecutor.java:83)
	at org.openqa.selenium.remote.RemoteWebDriver.execute(RemoteWebDriver.java:548)
	at org.openqa.selenium.remote.RemoteWebDriver.findElement(RemoteWebDriver.java:322)
	at org.openqa.selenium.remote.RemoteWebDriver.findElementByXPath(RemoteWebDriver.java:424)
	at org.openqa.selenium.By$ByXPath.findElement(By.java:353)
	at org.openqa.selenium.remote.RemoteWebDriver.findElement(RemoteWebDriver.java:314)
	at org.openqa.selenium.support.pagefactory.DefaultElementLocator.findElement(DefaultElementLocator.java:69)
	at org.openqa.selenium.support.pagefactory.internal.LocatingElementHandler.invoke(LocatingElementHandler.java:38)
	at com.sun.proxy.$Proxy9.click(Unknown Source)
	at com.cloudents.AutomationTest.CloudentsAutoTests.AboutPageContent(CloudentsAutoTests.java:247)
	at sun.reflect.NativeMethodAccessorImpl.invoke0(Native Method)
	at sun.reflect.NativeMethodAccessorImpl.invoke(NativeMethodAccessorImpl.java:62)
	at sun.reflect.DelegatingMethodAccessorImpl.invoke(DelegatingMethodAccessorImpl.java:43)
	at java.lang.reflect.Method.invoke(Method.java:498)
	at org.testng.internal.MethodInvocationHelper.invokeMethod(MethodInvocationHelper.java:84)
	at org.testng.internal.Invoker.invokeMethod(Invoker.java:714)
	at org.testng.internal.Invoker.invokeTestMethod(Invoker.java:901)
	at org.testng.internal.Invoker.invokeTestMethods(Invoker.java:1231)
	at org.testng.internal.TestMethodWorker.invokeTestMethods(TestMethodWorker.java:127)
	at org.testng.internal.TestMethodWorker.run(TestMethodWorker.java:111)
	at org.testng.TestRunner.privateRun(TestRunner.java:767)
	at org.testng.TestRunner.run(TestRunner.java:617)
	at org.testng.SuiteRunner.runTest(SuiteRunner.java:334)
	at org.testng.SuiteRunner.access$000(SuiteRunner.java:37)
	at org.testng.SuiteRunner$SuiteWorker.run(SuiteRunner.java:368)
	at org.testng.internal.thread.ThreadUtil$2.call(ThreadUtil.java:64)
	at java.util.concurrent.FutureTask.run(FutureTask.java:266)
	at java.util.concurrent.ThreadPoolExecutor.runWorker(ThreadPoolExecutor.java:1149)
	at java.util.concurrent.ThreadPoolExecutor$Worker.run(ThreadPoolExecutor.java:624)
	at java.lang.Thread.run(Thread.java:748)
]]>
    </failure>
  </testcase> <!-- AboutPageContent -->
  <testcase name="PartnersPageContent" time="0.000" classname="com.cloudents.AutomationTest.CloudentsAutoTests">
    <failure type="org.openqa.selenium.WebDriverException" message="Unable to parse remote response: Unknown error">
      <![CDATA[org.openqa.selenium.WebDriverException: Unable to parse remote response: Unknown error
	at org.openqa.selenium.remote.ProtocolHandshake.createSession(ProtocolHandshake.java:111)
	at org.openqa.selenium.remote.ProtocolHandshake.createSession(ProtocolHandshake.java:73)
	at org.openqa.selenium.remote.HttpCommandExecutor.execute(HttpCommandExecutor.java:136)
	at org.openqa.selenium.remote.service.DriverCommandExecutor.execute(DriverCommandExecutor.java:83)
	at org.openqa.selenium.remote.RemoteWebDriver.execute(RemoteWebDriver.java:548)
	at org.openqa.selenium.remote.RemoteWebDriver.startSession(RemoteWebDriver.java:212)
	at org.openqa.selenium.remote.RemoteWebDriver.<init>(RemoteWebDriver.java:130)
	at org.openqa.selenium.edge.EdgeDriver.<init>(EdgeDriver.java:141)
	at org.openqa.selenium.edge.EdgeDriver.<init>(EdgeDriver.java:96)
	at com.cloudents.AutomationTest.CloudentsAutoTests.setup(CloudentsAutoTests.java:72)
	at sun.reflect.NativeMethodAccessorImpl.invoke0(Native Method)
	at sun.reflect.NativeMethodAccessorImpl.invoke(NativeMethodAccessorImpl.java:62)
	at sun.reflect.DelegatingMethodAccessorImpl.invoke(DelegatingMethodAccessorImpl.java:43)
	at java.lang.reflect.Method.invoke(Method.java:498)
	at org.testng.internal.MethodInvocationHelper.invokeMethod(MethodInvocationHelper.java:84)
	at org.testng.internal.Invoker.invokeConfigurationMethod(Invoker.java:564)
	at org.testng.internal.Invoker.invokeConfigurations(Invoker.java:213)
	at org.testng.internal.Invoker.invokeConfigurations(Invoker.java:138)
	at org.testng.internal.TestMethodWorker.invokeBeforeClassMethods(TestMethodWorker.java:175)
	at org.testng.internal.TestMethodWorker.run(TestMethodWorker.java:107)
	at org.testng.TestRunner.privateRun(TestRunner.java:767)
	at org.testng.TestRunner.run(TestRunner.java:617)
	at org.testng.SuiteRunner.runTest(SuiteRunner.java:334)
	at org.testng.SuiteRunner.access$000(SuiteRunner.java:37)
	at org.testng.SuiteRunner$SuiteWorker.run(SuiteRunner.java:368)
	at org.testng.internal.thread.ThreadUtil$2.call(ThreadUtil.java:64)
	at java.util.concurrent.FutureTask.run(FutureTask.java:266)
	at java.util.concurrent.ThreadPoolExecutor.runWorker(ThreadPoolExecutor.java:1149)
	at java.util.concurrent.ThreadPoolExecutor$Worker.run(ThreadPoolExecutor.java:624)
	at java.lang.Thread.run(Thread.java:748)
Caused by: org.openqa.selenium.json.JsonException: Unable to determine type from: U. Last 1 characters read: U
Build info: version: '3.14.0', revision: 'aacccce0', time: '2018-08-02T20:19:58.91Z'
System info: host: 'EIDAN-DESKTOP', ip: '192.168.2.62', os.name: 'Windows 10', os.arch: 'amd64', os.version: '10.0', java.version: '1.8.0_181'
Driver info: driver.version: EdgeDriver
	at org.openqa.selenium.json.JsonInput.peek(JsonInput.java:121)
	at org.openqa.selenium.json.JsonTypeCoercer.lambda$null$6(JsonTypeCoercer.java:137)
	at org.openqa.selenium.json.JsonTypeCoercer.coerce(JsonTypeCoercer.java:123)
	at org.openqa.selenium.json.Json.toType(Json.java:60)
	at org.openqa.selenium.json.Json.toType(Json.java:50)
	at org.openqa.selenium.remote.ProtocolHandshake.createSession(ProtocolHandshake.java:108)
	... 29 more
]]>
    </failure>
  </testcase> <!-- PartnersPageContent -->
  <testcase name="TermsPageContent" time="6.177" classname="com.cloudents.AutomationTest.CloudentsAutoTests">
    <error type="java.lang.AssertionError" message="expected [https://www.copyright.gov/legislation/dmca.pdf] but found [https://www.spitball.co/ask]">
      <![CDATA[java.lang.AssertionError: expected [https://www.copyright.gov/legislation/dmca.pdf] but found [https://www.spitball.co/ask]
	at org.testng.Assert.fail(Assert.java:94)
	at org.testng.Assert.failNotEquals(Assert.java:494)
	at org.testng.Assert.assertEquals(Assert.java:123)
	at org.testng.Assert.assertEquals(Assert.java:176)
	at org.testng.Assert.assertEquals(Assert.java:186)
	at com.cloudents.AutomationTest.CloudentsAutoTests.checkNewWindowAddress(CloudentsAutoTests.java:441)
	at com.cloudents.AutomationTest.CloudentsAutoTests.TermsPageContent(CloudentsAutoTests.java:359)
	at sun.reflect.NativeMethodAccessorImpl.invoke0(Native Method)
	at sun.reflect.NativeMethodAccessorImpl.invoke(NativeMethodAccessorImpl.java:62)
	at sun.reflect.DelegatingMethodAccessorImpl.invoke(DelegatingMethodAccessorImpl.java:43)
	at java.lang.reflect.Method.invoke(Method.java:498)
	at org.testng.internal.MethodInvocationHelper.invokeMethod(MethodInvocationHelper.java:84)
	at org.testng.internal.Invoker.invokeMethod(Invoker.java:714)
	at org.testng.internal.Invoker.invokeTestMethod(Invoker.java:901)
	at org.testng.internal.Invoker.invokeTestMethods(Invoker.java:1231)
	at org.testng.internal.TestMethodWorker.invokeTestMethods(TestMethodWorker.java:127)
	at org.testng.internal.TestMethodWorker.run(TestMethodWorker.java:111)
	at org.testng.TestRunner.privateRun(TestRunner.java:767)
	at org.testng.TestRunner.run(TestRunner.java:617)
	at org.testng.SuiteRunner.runTest(SuiteRunner.java:334)
	at org.testng.SuiteRunner.access$000(SuiteRunner.java:37)
	at org.testng.SuiteRunner$SuiteWorker.run(SuiteRunner.java:368)
	at org.testng.internal.thread.ThreadUtil$2.call(ThreadUtil.java:64)
	at java.util.concurrent.FutureTask.run(FutureTask.java:266)
	at java.util.concurrent.ThreadPoolExecutor.runWorker(ThreadPoolExecutor.java:1149)
	at java.util.concurrent.ThreadPoolExecutor$Worker.run(ThreadPoolExecutor.java:624)
	at java.lang.Thread.run(Thread.java:748)
]]>
    </error>
  </testcase> <!-- TermsPageContent -->
  <testcase name="RepsPageContent" time="0.824" classname="com.cloudents.AutomationTest.CloudentsAutoTests"/>
  <testcase name="DefaultHomePage" time="2.519" classname="com.cloudents.AutomationTest.CloudentsAutoTests"/>
  <testcase name="PrivacyPageContent" time="23.300" classname="com.cloudents.AutomationTest.CloudentsAutoTests">
    <failure type="org.openqa.selenium.NoSuchElementException" message="Unable to find element with xpath == /html/body/div[1]/div[1]/div/main/div/div[2]/h2[1]
For documentation on this error, please visit: http://seleniumhq.org/exceptions/no_such_element.html
Build info: version: &#039;3.14.0&#039;, revision: &#039;aacccce0&#039;, time: &#039;2018-08-02T20:19:58.91Z&#039;
System info: host: &#039;EIDAN-DESKTOP&#039;, ip: &#039;192.168.2.62&#039;, os.name: &#039;Windows 10&#039;, os.arch: &#039;amd64&#039;, os.version: &#039;10.0&#039;, java.version: &#039;1.8.0_181&#039;
Driver info: org.openqa.selenium.ie.InternetExplorerDriver
Capabilities {acceptInsecureCerts: false, browserName: internet explorer, browserVersion: 11, javascriptEnabled: true, pageLoadStrategy: normal, platform: WINDOWS, platformName: WINDOWS, proxy: Proxy(), se:ieOptions: {browserAttachTimeout: 0, elementScrollBehavior: 0, enablePersistentHover: true, ie.browserCommandLineSwitches: , ie.ensureCleanSession: false, ie.fileUploadDialogTimeout: 3000, ie.forceCreateProcessApi: false, ignoreProtectedModeSettings: false, ignoreZoomSetting: false, initialBrowserUrl: http://localhost:39380/, nativeEvents: true, requireWindowFocus: false}, setWindowRect: true, timeouts: {implicit: 0, pageLoad: 300000, script: 30000}}
Session ID: 789cbe1a-0e45-4720-be89-9af0d715d7c0
*** Element info: {Using=xpath, value=/html/body/div[1]/div[1]/div/main/div/div[2]/h2[1]}">
      <![CDATA[org.openqa.selenium.NoSuchElementException: Unable to find element with xpath == /html/body/div[1]/div[1]/div/main/div/div[2]/h2[1]
For documentation on this error, please visit: http://seleniumhq.org/exceptions/no_such_element.html
Build info: version: '3.14.0', revision: 'aacccce0', time: '2018-08-02T20:19:58.91Z'
System info: host: 'EIDAN-DESKTOP', ip: '192.168.2.62', os.name: 'Windows 10', os.arch: 'amd64', os.version: '10.0', java.version: '1.8.0_181'
Driver info: org.openqa.selenium.ie.InternetExplorerDriver
Capabilities {acceptInsecureCerts: false, browserName: internet explorer, browserVersion: 11, javascriptEnabled: true, pageLoadStrategy: normal, platform: WINDOWS, platformName: WINDOWS, proxy: Proxy(), se:ieOptions: {browserAttachTimeout: 0, elementScrollBehavior: 0, enablePersistentHover: true, ie.browserCommandLineSwitches: , ie.ensureCleanSession: false, ie.fileUploadDialogTimeout: 3000, ie.forceCreateProcessApi: false, ignoreProtectedModeSettings: false, ignoreZoomSetting: false, initialBrowserUrl: http://localhost:39380/, nativeEvents: true, requireWindowFocus: false}, setWindowRect: true, timeouts: {implicit: 0, pageLoad: 300000, script: 30000}}
Session ID: 789cbe1a-0e45-4720-be89-9af0d715d7c0
*** Element info: {Using=xpath, value=/html/body/div[1]/div[1]/div/main/div/div[2]/h2[1]}
	at sun.reflect.NativeConstructorAccessorImpl.newInstance0(Native Method)
	at sun.reflect.NativeConstructorAccessorImpl.newInstance(NativeConstructorAccessorImpl.java:62)
	at sun.reflect.DelegatingConstructorAccessorImpl.newInstance(DelegatingConstructorAccessorImpl.java:45)
	at java.lang.reflect.Constructor.newInstance(Constructor.java:423)
	at org.openqa.selenium.remote.http.W3CHttpResponseCodec.createException(W3CHttpResponseCodec.java:187)
	at org.openqa.selenium.remote.http.W3CHttpResponseCodec.decode(W3CHttpResponseCodec.java:122)
	at org.openqa.selenium.remote.http.W3CHttpResponseCodec.decode(W3CHttpResponseCodec.java:49)
	at org.openqa.selenium.remote.HttpCommandExecutor.execute(HttpCommandExecutor.java:158)
	at org.openqa.selenium.remote.service.DriverCommandExecutor.execute(DriverCommandExecutor.java:83)
	at org.openqa.selenium.remote.RemoteWebDriver.execute(RemoteWebDriver.java:548)
	at org.openqa.selenium.remote.RemoteWebDriver.findElement(RemoteWebDriver.java:322)
	at org.openqa.selenium.remote.RemoteWebDriver.findElementByXPath(RemoteWebDriver.java:424)
	at org.openqa.selenium.By$ByXPath.findElement(By.java:353)
	at org.openqa.selenium.remote.RemoteWebDriver.findElement(RemoteWebDriver.java:314)
	at org.openqa.selenium.support.pagefactory.DefaultElementLocator.findElement(DefaultElementLocator.java:69)
	at org.openqa.selenium.support.pagefactory.internal.LocatingElementHandler.invoke(LocatingElementHandler.java:38)
	at com.sun.proxy.$Proxy9.getText(Unknown Source)
	at com.cloudents.AutomationTest.CloudentsAutoTests.PrivacyPageContent(CloudentsAutoTests.java:368)
	at sun.reflect.NativeMethodAccessorImpl.invoke0(Native Method)
	at sun.reflect.NativeMethodAccessorImpl.invoke(NativeMethodAccessorImpl.java:62)
	at sun.reflect.DelegatingMethodAccessorImpl.invoke(DelegatingMethodAccessorImpl.java:43)
	at java.lang.reflect.Method.invoke(Method.java:498)
	at org.testng.internal.MethodInvocationHelper.invokeMethod(MethodInvocationHelper.java:84)
	at org.testng.internal.Invoker.invokeMethod(Invoker.java:714)
	at org.testng.internal.Invoker.invokeTestMethod(Invoker.java:901)
	at org.testng.internal.Invoker.invokeTestMethods(Invoker.java:1231)
	at org.testng.internal.TestMethodWorker.invokeTestMethods(TestMethodWorker.java:127)
	at org.testng.internal.TestMethodWorker.run(TestMethodWorker.java:111)
	at org.testng.TestRunner.privateRun(TestRunner.java:767)
	at org.testng.TestRunner.run(TestRunner.java:617)
	at org.testng.SuiteRunner.runTest(SuiteRunner.java:334)
	at org.testng.SuiteRunner.access$000(SuiteRunner.java:37)
	at org.testng.SuiteRunner$SuiteWorker.run(SuiteRunner.java:368)
	at org.testng.internal.thread.ThreadUtil$2.call(ThreadUtil.java:64)
	at java.util.concurrent.FutureTask.run(FutureTask.java:266)
	at java.util.concurrent.ThreadPoolExecutor.runWorker(ThreadPoolExecutor.java:1149)
	at java.util.concurrent.ThreadPoolExecutor$Worker.run(ThreadPoolExecutor.java:624)
	at java.lang.Thread.run(Thread.java:748)
]]>
    </failure>
  </testcase> <!-- PrivacyPageContent -->
  <testcase name="signUpNavigation" time="9.293" classname="com.cloudents.AutomationTest.CloudentsAutoTests"/>
  <testcase name="MainTabsNavigation" time="20.482" classname="com.cloudents.AutomationTest.CloudentsAutoTests">
    <failure type="org.openqa.selenium.NoSuchElementException" message="Unable to find element with link text == Homework Help
For documentation on this error, please visit: http://seleniumhq.org/exceptions/no_such_element.html
Build info: version: &#039;3.14.0&#039;, revision: &#039;aacccce0&#039;, time: &#039;2018-08-02T20:19:58.91Z&#039;
System info: host: &#039;EIDAN-DESKTOP&#039;, ip: &#039;192.168.2.62&#039;, os.name: &#039;Windows 10&#039;, os.arch: &#039;amd64&#039;, os.version: &#039;10.0&#039;, java.version: &#039;1.8.0_181&#039;
Driver info: org.openqa.selenium.ie.InternetExplorerDriver
Capabilities {acceptInsecureCerts: false, browserName: internet explorer, browserVersion: 11, javascriptEnabled: true, pageLoadStrategy: normal, platform: WINDOWS, platformName: WINDOWS, proxy: Proxy(), se:ieOptions: {browserAttachTimeout: 0, elementScrollBehavior: 0, enablePersistentHover: true, ie.browserCommandLineSwitches: , ie.ensureCleanSession: false, ie.fileUploadDialogTimeout: 3000, ie.forceCreateProcessApi: false, ignoreProtectedModeSettings: false, ignoreZoomSetting: false, initialBrowserUrl: http://localhost:39380/, nativeEvents: true, requireWindowFocus: false}, setWindowRect: true, timeouts: {implicit: 0, pageLoad: 300000, script: 30000}}
Session ID: 789cbe1a-0e45-4720-be89-9af0d715d7c0
*** Element info: {Using=link text, value=Homework Help}">
      <![CDATA[org.openqa.selenium.NoSuchElementException: Unable to find element with link text == Homework Help
For documentation on this error, please visit: http://seleniumhq.org/exceptions/no_such_element.html
Build info: version: '3.14.0', revision: 'aacccce0', time: '2018-08-02T20:19:58.91Z'
System info: host: 'EIDAN-DESKTOP', ip: '192.168.2.62', os.name: 'Windows 10', os.arch: 'amd64', os.version: '10.0', java.version: '1.8.0_181'
Driver info: org.openqa.selenium.ie.InternetExplorerDriver
Capabilities {acceptInsecureCerts: false, browserName: internet explorer, browserVersion: 11, javascriptEnabled: true, pageLoadStrategy: normal, platform: WINDOWS, platformName: WINDOWS, proxy: Proxy(), se:ieOptions: {browserAttachTimeout: 0, elementScrollBehavior: 0, enablePersistentHover: true, ie.browserCommandLineSwitches: , ie.ensureCleanSession: false, ie.fileUploadDialogTimeout: 3000, ie.forceCreateProcessApi: false, ignoreProtectedModeSettings: false, ignoreZoomSetting: false, initialBrowserUrl: http://localhost:39380/, nativeEvents: true, requireWindowFocus: false}, setWindowRect: true, timeouts: {implicit: 0, pageLoad: 300000, script: 30000}}
Session ID: 789cbe1a-0e45-4720-be89-9af0d715d7c0
*** Element info: {Using=link text, value=Homework Help}
	at sun.reflect.NativeConstructorAccessorImpl.newInstance0(Native Method)
	at sun.reflect.NativeConstructorAccessorImpl.newInstance(NativeConstructorAccessorImpl.java:62)
	at sun.reflect.DelegatingConstructorAccessorImpl.newInstance(DelegatingConstructorAccessorImpl.java:45)
	at java.lang.reflect.Constructor.newInstance(Constructor.java:423)
	at org.openqa.selenium.remote.http.W3CHttpResponseCodec.createException(W3CHttpResponseCodec.java:187)
	at org.openqa.selenium.remote.http.W3CHttpResponseCodec.decode(W3CHttpResponseCodec.java:122)
	at org.openqa.selenium.remote.http.W3CHttpResponseCodec.decode(W3CHttpResponseCodec.java:49)
	at org.openqa.selenium.remote.HttpCommandExecutor.execute(HttpCommandExecutor.java:158)
	at org.openqa.selenium.remote.service.DriverCommandExecutor.execute(DriverCommandExecutor.java:83)
	at org.openqa.selenium.remote.RemoteWebDriver.execute(RemoteWebDriver.java:548)
	at org.openqa.selenium.remote.RemoteWebDriver.findElement(RemoteWebDriver.java:322)
	at org.openqa.selenium.remote.RemoteWebDriver.findElementByLinkText(RemoteWebDriver.java:376)
	at org.openqa.selenium.By$ByLinkText.findElement(By.java:220)
	at org.openqa.selenium.remote.RemoteWebDriver.findElement(RemoteWebDriver.java:314)
	at org.openqa.selenium.support.pagefactory.DefaultElementLocator.findElement(DefaultElementLocator.java:69)
	at org.openqa.selenium.support.pagefactory.internal.LocatingElementHandler.invoke(LocatingElementHandler.java:38)
	at com.sun.proxy.$Proxy9.click(Unknown Source)
	at com.cloudents.AutomationTest.CloudentsAutoTests.MainTabsNavigation(CloudentsAutoTests.java:104)
	at sun.reflect.NativeMethodAccessorImpl.invoke0(Native Method)
	at sun.reflect.NativeMethodAccessorImpl.invoke(NativeMethodAccessorImpl.java:62)
	at sun.reflect.DelegatingMethodAccessorImpl.invoke(DelegatingMethodAccessorImpl.java:43)
	at java.lang.reflect.Method.invoke(Method.java:498)
	at org.testng.internal.MethodInvocationHelper.invokeMethod(MethodInvocationHelper.java:84)
	at org.testng.internal.Invoker.invokeMethod(Invoker.java:714)
	at org.testng.internal.Invoker.invokeTestMethod(Invoker.java:901)
	at org.testng.internal.Invoker.invokeTestMethods(Invoker.java:1231)
	at org.testng.internal.TestMethodWorker.invokeTestMethods(TestMethodWorker.java:127)
	at org.testng.internal.TestMethodWorker.run(TestMethodWorker.java:111)
	at org.testng.TestRunner.privateRun(TestRunner.java:767)
	at org.testng.TestRunner.run(TestRunner.java:617)
	at org.testng.SuiteRunner.runTest(SuiteRunner.java:334)
	at org.testng.SuiteRunner.access$000(SuiteRunner.java:37)
	at org.testng.SuiteRunner$SuiteWorker.run(SuiteRunner.java:368)
	at org.testng.internal.thread.ThreadUtil$2.call(ThreadUtil.java:64)
	at java.util.concurrent.FutureTask.run(FutureTask.java:266)
	at java.util.concurrent.ThreadPoolExecutor.runWorker(ThreadPoolExecutor.java:1149)
	at java.util.concurrent.ThreadPoolExecutor$Worker.run(ThreadPoolExecutor.java:624)
	at java.lang.Thread.run(Thread.java:748)
]]>
    </failure>
  </testcase> <!-- MainTabsNavigation -->
  <testcase name="FAQPageContent" time="21.109" classname="com.cloudents.AutomationTest.CloudentsAutoTests">
    <failure type="org.openqa.selenium.NoSuchElementException" message="Unable to find element with xpath == /html/body/div[1]/div[1]/div/main/div/div[2]/div/div/ul/li[1]/div[1]/div[1]/div
For documentation on this error, please visit: http://seleniumhq.org/exceptions/no_such_element.html
Build info: version: &#039;3.14.0&#039;, revision: &#039;aacccce0&#039;, time: &#039;2018-08-02T20:19:58.91Z&#039;
System info: host: &#039;EIDAN-DESKTOP&#039;, ip: &#039;192.168.2.62&#039;, os.name: &#039;Windows 10&#039;, os.arch: &#039;amd64&#039;, os.version: &#039;10.0&#039;, java.version: &#039;1.8.0_181&#039;
Driver info: org.openqa.selenium.ie.InternetExplorerDriver
Capabilities {acceptInsecureCerts: false, browserName: internet explorer, browserVersion: 11, javascriptEnabled: true, pageLoadStrategy: normal, platform: WINDOWS, platformName: WINDOWS, proxy: Proxy(), se:ieOptions: {browserAttachTimeout: 0, elementScrollBehavior: 0, enablePersistentHover: true, ie.browserCommandLineSwitches: , ie.ensureCleanSession: false, ie.fileUploadDialogTimeout: 3000, ie.forceCreateProcessApi: false, ignoreProtectedModeSettings: false, ignoreZoomSetting: false, initialBrowserUrl: http://localhost:39380/, nativeEvents: true, requireWindowFocus: false}, setWindowRect: true, timeouts: {implicit: 0, pageLoad: 300000, script: 30000}}
Session ID: 789cbe1a-0e45-4720-be89-9af0d715d7c0
*** Element info: {Using=xpath, value=/html/body/div[1]/div[1]/div/main/div/div[2]/div/div/ul/li[1]/div[1]/div[1]/div}">
      <![CDATA[org.openqa.selenium.NoSuchElementException: Unable to find element with xpath == /html/body/div[1]/div[1]/div/main/div/div[2]/div/div/ul/li[1]/div[1]/div[1]/div
For documentation on this error, please visit: http://seleniumhq.org/exceptions/no_such_element.html
Build info: version: '3.14.0', revision: 'aacccce0', time: '2018-08-02T20:19:58.91Z'
System info: host: 'EIDAN-DESKTOP', ip: '192.168.2.62', os.name: 'Windows 10', os.arch: 'amd64', os.version: '10.0', java.version: '1.8.0_181'
Driver info: org.openqa.selenium.ie.InternetExplorerDriver
[...]
	at java.lang.reflect.Method.invoke(Method.java:498)
	at org.testng.internal.MethodInvocationHelper.invokeMethod(MethodInvocationHelper.java:84)
	at org.testng.internal.Invoker.invokeConfigurationMethod(Invoker.java:564)
	at org.testng.internal.Invoker.invokeConfigurations(Invoker.java:213)
	at org.testng.internal.Invoker.invokeConfigurations(Invoker.java:138)
	at org.testng.internal.TestMethodWorker.invokeBeforeClassMethods(TestMethodWorker.java:175)
	at org.testng.internal.TestMethodWorker.run(TestMethodWorker.java:107)
	at org.testng.TestRunner.privateRun(TestRunner.java:767)
	at org.testng.TestRunner.run(TestRunner.java:617)
	at org.testng.SuiteRunner.runTest(SuiteRunner.java:334)
	at org.testng.SuiteRunner.access$000(SuiteRunner.java:37)
	at org.testng.SuiteRunner$SuiteWorker.run(SuiteRunner.java:368)
	at org.testng.internal.thread.ThreadUtil$2.call(ThreadUtil.java:64)
	at java.util.concurrent.FutureTask.run(FutureTask.java:266)
	at java.util.concurrent.ThreadPoolExecutor.runWorker(ThreadPoolExecutor.java:1149)
	at java.util.concurrent.ThreadPoolExecutor$Worker.run(ThreadPoolExecutor.java:624)
	at java.lang.Thread.run(Thread.java:748)
Caused by: org.openqa.selenium.json.JsonException: Unable to determine type from: U. Last 1 characters read: U
Build info: version: '3.14.0', revision: 'aacccce0', time: '2018-08-02T20:19:58.91Z'
System info: host: 'EIDAN-DESKTOP', ip: '192.168.2.62', os.name: 'Windows 10', os.arch: 'amd64', os.version: '10.0', java.version: '1.8.0_181'
Driver info: driver.version: EdgeDriver
	at org.openqa.selenium.json.JsonInput.peek(JsonInput.java:121)
	at org.openqa.selenium.json.JsonTypeCoercer.lambda$null$6(JsonTypeCoercer.java:137)
	at org.openqa.selenium.json.JsonTypeCoercer.coerce(JsonTypeCoercer.java:123)
	at org.openqa.selenium.json.Json.toType(Json.java:60)
	at org.openqa.selenium.json.Json.toType(Json.java:50)
	at org.openqa.selenium.remote.ProtocolHandshake.createSession(ProtocolHandshake.java:108)
	... 29 more
]]>
    </failure>
  </testcase> <!-- DefaultHomePage -->
  <testcase name="AboutPageContent" time="16.445" classname="com.cloudents.AutomationTest.CloudentsAutoTests">
    <error type="java.lang.AssertionError" message="expected [https://dev.spitball.co/partners] but found [https://dev.spitball.co/blog]">
      <![CDATA[java.lang.AssertionError: expected [https://dev.spitball.co/partners] but found [https://dev.spitball.co/blog]
	at org.testng.Assert.fail(Assert.java:94)
	at org.testng.Assert.failNotEquals(Assert.java:494)
	at org.testng.Assert.assertEquals(Assert.java:123)
	at org.testng.Assert.assertEquals(Assert.java:176)
	at org.testng.Assert.assertEquals(Assert.java:186)
	at com.cloudents.AutomationTest.CloudentsAutoTests.AboutPageContent(CloudentsAutoTests.java:270)
	at sun.reflect.NativeMethodAccessorImpl.invoke0(Native Method)
	at sun.reflect.NativeMethodAccessorImpl.invoke(NativeMethodAccessorImpl.java:62)
	at sun.reflect.DelegatingMethodAccessorImpl.invoke(DelegatingMethodAccessorImpl.java:43)
	at java.lang.reflect.Method.invoke(Method.java:498)
	at org.testng.internal.MethodInvocationHelper.invokeMethod(MethodInvocationHelper.java:84)
	at org.testng.internal.Invoker.invokeMethod(Invoker.java:714)
	at org.testng.internal.Invoker.invokeTestMethod(Invoker.java:901)
	at org.testng.internal.Invoker.invokeTestMethods(Invoker.java:1231)
	at org.testng.internal.TestMethodWorker.invokeTestMethods(TestMethodWorker.java:127)
	at org.testng.internal.TestMethodWorker.run(TestMethodWorker.java:111)
	at org.testng.TestRunner.privateRun(TestRunner.java:767)
	at org.testng.TestRunner.run(TestRunner.java:617)
	at org.testng.SuiteRunner.runTest(SuiteRunner.java:334)
	at org.testng.SuiteRunner.access$000(SuiteRunner.java:37)
	at org.testng.SuiteRunner$SuiteWorker.run(SuiteRunner.java:368)
	at org.testng.internal.thread.ThreadUtil$2.call(ThreadUtil.java:64)
	at java.util.concurrent.FutureTask.run(FutureTask.java:266)
	at java.util.concurrent.ThreadPoolExecutor.runWorker(ThreadPoolExecutor.java:1149)
	at java.util.concurrent.ThreadPoolExecutor$Worker.run(ThreadPoolExecutor.java:624)
	at java.lang.Thread.run(Thread.java:748)
]]>
    </error>
  </testcase> <!-- AboutPageContent -->
  <testcase name="PartnersPageContent" time="25.664" classname="com.cloudents.AutomationTest.CloudentsAutoTests">
    <failure type="org.openqa.selenium.NoSuchElementException" message="Unable to find element with xpath == /html/body/div[1]/div[1]/div/main/div/div[2]/div[2]/div
For documentation on this error, please visit: http://seleniumhq.org/exceptions/no_such_element.html
Build info: version: &#039;3.14.0&#039;, revision: &#039;aacccce0&#039;, time: &#039;2018-08-02T20:19:58.91Z&#039;
System info: host: &#039;EIDAN-DESKTOP&#039;, ip: &#039;192.168.2.62&#039;, os.name: &#039;Windows 10&#039;, os.arch: &#039;amd64&#039;, os.version: &#039;10.0&#039;, java.version: &#039;1.8.0_181&#039;
Driver info: org.openqa.selenium.ie.InternetExplorerDriver
Capabilities {acceptInsecureCerts: false, browserName: internet explorer, browserVersion: 11, javascriptEnabled: true, pageLoadStrategy: normal, platform: WINDOWS, platformName: WINDOWS, proxy: Proxy(), se:ieOptions: {browserAttachTimeout: 0, elementScrollBehavior: 0, enablePersistentHover: true, ie.browserCommandLineSwitches: , ie.ensureCleanSession: false, ie.fileUploadDialogTimeout: 3000, ie.forceCreateProcessApi: false, ignoreProtectedModeSettings: false, ignoreZoomSetting: false, initialBrowserUrl: http://localhost:39380/, nativeEvents: true, requireWindowFocus: false}, setWindowRect: true, timeouts: {implicit: 0, pageLoad: 300000, script: 30000}}
Session ID: 789cbe1a-0e45-4720-be89-9af0d715d7c0
*** Element info: {Using=xpath, value=/html/body/div[1]/div[1]/div/main/div/div[2]/div[2]/div}">
      <![CDATA[org.openqa.selenium.NoSuchElementException: Unable to find element with xpath == /html/body/div[1]/div[1]/div/main/div/div[2]/div[2]/div
For documentation on this error, please visit: http://seleniumhq.org/exceptions/no_such_element.html
Build info: version: '3.14.0', revision: 'aacccce0', time: '2018-08-02T20:19:58.91Z'
System info: host: 'EIDAN-DESKTOP', ip: '192.168.2.62', os.name: 'Windows 10', os.arch: 'amd64', os.version: '10.0', java.version: '1.8.0_181'
Driver info: org.openqa.selenium.ie.InternetExplorerDriver
Capabilities {acceptInsecureCerts: false, browserName: internet explorer, browserVersion: 11, javascriptEnabled: true, pageLoadStrategy: normal, platform: WINDOWS, platformName: WINDOWS, proxy: Proxy(), se:ieOptions: {browserAttachTimeout: 0, elementScrollBehavior: 0, enablePersistentHover: true, ie.browserCommandLineSwitches: , ie.ensureCleanSession: false, ie.fileUploadDialogTimeout: 3000, ie.forceCreateProcessApi: false, ignoreProtectedModeSettings: false, ignoreZoomSetting: false, initialBrowserUrl: http://localhost:39380/, nativeEvents: true, requireWindowFocus: false}, setWindowRect: true, timeouts: {implicit: 0, pageLoad: 300000, script: 30000}}
Session ID: 789cbe1a-0e45-4720-be89-9af0d715d7c0
*** Element info: {Using=xpath, value=/html/body/div[1]/div[1]/div/main/div/div[2]/div[2]/div}
	at sun.reflect.NativeConstructorAccessorImpl.newInstance0(Native Method)
	at sun.reflect.NativeConstructorAccessorImpl.newInstance(NativeConstructorAccessorImpl.java:62)
	at sun.reflect.DelegatingConstructorAccessorImpl.newInstance(DelegatingConstructorAccessorImpl.java:45)
	at java.lang.reflect.Constructor.newInstance(Constructor.java:423)
	at org.openqa.selenium.remote.http.W3CHttpResponseCodec.createException(W3CHttpResponseCodec.java:187)
	at org.openqa.selenium.remote.http.W3CHttpResponseCodec.decode(W3CHttpResponseCodec.java:122)
	at org.openqa.selenium.remote.http.W3CHttpResponseCodec.decode(W3CHttpResponseCodec.java:49)
	at org.openqa.selenium.remote.HttpCommandExecutor.execute(HttpCommandExecutor.java:158)
	at org.openqa.selenium.remote.service.DriverCommandExecutor.execute(DriverCommandExecutor.java:83)
	at org.openqa.selenium.remote.RemoteWebDriver.execute(RemoteWebDriver.java:548)
	at org.openqa.selenium.remote.RemoteWebDriver.findElement(RemoteWebDriver.java:322)
	at org.openqa.selenium.remote.RemoteWebDriver.findElementByXPath(RemoteWebDriver.java:424)
	at org.openqa.selenium.By$ByXPath.findElement(By.java:353)
	at org.openqa.selenium.remote.RemoteWebDriver.findElement(RemoteWebDriver.java:314)
	at org.openqa.selenium.support.pagefactory.DefaultElementLocator.findElement(DefaultElementLocator.java:69)
	at org.openqa.selenium.support.pagefactory.internal.LocatingElementHandler.invoke(LocatingElementHandler.java:38)
	at com.sun.proxy.$Proxy9.getText(Unknown Source)
	at com.cloudents.AutomationTest.CloudentsAutoTests.PartnersPageContent(CloudentsAutoTests.java:413)
	at sun.reflect.NativeMethodAccessorImpl.invoke0(Native Method)
	at sun.reflect.NativeMethodAccessorImpl.invoke(NativeMethodAccessorImpl.java:62)
	at sun.reflect.DelegatingMethodAccessorImpl.invoke(DelegatingMethodAccessorImpl.java:43)
	at java.lang.reflect.Method.invoke(Method.java:498)
	at org.testng.internal.MethodInvocationHelper.invokeMethod(MethodInvocationHelper.java:84)
	at org.testng.internal.Invoker.invokeMethod(Invoker.java:714)
	at org.testng.internal.Invoker.invokeTestMethod(Invoker.java:901)
	at org.testng.internal.Invoker.invokeTestMethods(Invoker.java:1231)
	at org.testng.internal.TestMethodWorker.invokeTestMethods(TestMethodWorker.java:127)
	at org.testng.internal.TestMethodWorker.run(TestMethodWorker.java:111)
	at org.testng.TestRunner.privateRun(TestRunner.java:767)
	at org.testng.TestRunner.run(TestRunner.java:617)
	at org.testng.SuiteRunner.runTest(SuiteRunner.java:334)
	at org.testng.SuiteRunner.access$000(SuiteRunner.java:37)
	at org.testng.SuiteRunner$SuiteWorker.run(SuiteRunner.java:368)
	at org.testng.internal.thread.ThreadUtil$2.call(ThreadUtil.java:64)
	at java.util.concurrent.FutureTask.run(FutureTask.java:266)
	at java.util.concurrent.ThreadPoolExecutor.runWorker(ThreadPoolExecutor.java:1149)
	at java.util.concurrent.ThreadPoolExecutor$Worker.run(ThreadPoolExecutor.java:624)
	at java.lang.Thread.run(Thread.java:748)
]]>
    </failure>
  </testcase> <!-- PartnersPageContent -->
  <testcase name="PartnersPageContent" time="1.507" classname="com.cloudents.AutomationTest.CloudentsAutoTests"/>
  <testcase name="RepsPageContent" time="1.985" classname="com.cloudents.AutomationTest.CloudentsAutoTests"/>
  <testcase name="PartnersPageContent" time="0.000" classname="com.cloudents.AutomationTest.CloudentsAutoTests">
    <failure type="org.openqa.selenium.WebDriverException" message="Unable to parse remote response: Unknown error">
      <![CDATA[org.openqa.selenium.WebDriverException: Unable to parse remote response: Unknown error
	at org.openqa.selenium.remote.ProtocolHandshake.createSession(ProtocolHandshake.java:111)
	at org.openqa.selenium.remote.ProtocolHandshake.createSession(ProtocolHandshake.java:73)
	at org.openqa.selenium.remote.HttpCommandExecutor.execute(HttpCommandExecutor.java:136)
	at org.openqa.selenium.remote.service.DriverCommandExecutor.execute(DriverCommandExecutor.java:83)
	at org.openqa.selenium.remote.RemoteWebDriver.execute(RemoteWebDriver.java:548)
	at org.openqa.selenium.remote.RemoteWebDriver.startSession(RemoteWebDriver.java:212)
	at org.openqa.selenium.remote.RemoteWebDriver.<init>(RemoteWebDriver.java:130)
	at org.openqa.selenium.edge.EdgeDriver.<init>(EdgeDriver.java:141)
	at org.openqa.selenium.edge.EdgeDriver.<init>(EdgeDriver.java:96)
	at com.cloudents.AutomationTest.CloudentsAutoTests.setup(CloudentsAutoTests.java:72)
	at sun.reflect.NativeMethodAccessorImpl.invoke0(Native Method)
	at sun.reflect.NativeMethodAccessorImpl.invoke(NativeMethodAccessorImpl.java:62)
	at sun.reflect.DelegatingMethodAccessorImpl.invoke(DelegatingMethodAccessorImpl.java:43)
	at java.lang.reflect.Method.invoke(Method.java:498)
	at org.testng.internal.MethodInvocationHelper.invokeMethod(MethodInvocationHelper.java:84)
	at org.testng.internal.Invoker.invokeConfigurationMethod(Invoker.java:564)
	at org.testng.internal.Invoker.invokeConfigurations(Invoker.java:213)
	at org.testng.internal.Invoker.invokeConfigurations(Invoker.java:138)
	at org.testng.internal.TestMethodWorker.invokeBeforeClassMethods(TestMethodWorker.java:175)
	at org.testng.internal.TestMethodWorker.run(TestMethodWorker.java:107)
	at org.testng.TestRunner.privateRun(TestRunner.java:767)
	at org.testng.TestRunner.run(TestRunner.java:617)
	at org.testng.SuiteRunner.runTest(SuiteRunner.java:334)
	at org.testng.SuiteRunner.access$000(SuiteRunner.java:37)
	at org.testng.SuiteRunner$SuiteWorker.run(SuiteRunner.java:368)
	at org.testng.internal.thread.ThreadUtil$2.call(ThreadUtil.java:64)
	at java.util.concurrent.FutureTask.run(FutureTask.java:266)
	at java.util.concurrent.ThreadPoolExecutor.runWorker(ThreadPoolExecutor.java:1149)
	at java.util.concurrent.ThreadPoolExecutor$Worker.run(ThreadPoolExecutor.java:624)
	at java.lang.Thread.run(Thread.java:748)
Caused by: org.openqa.selenium.json.JsonException: Unable to determine type from: U. Last 1 characters read: U
Build info: version: '3.14.0', revision: 'aacccce0', time: '2018-08-02T20:19:58.91Z'
System info: host: 'EIDAN-DESKTOP', ip: '192.168.2.62', os.name: 'Windows 10', os.arch: 'amd64', os.version: '10.0', java.version: '1.8.0_181'
Driver info: driver.version: EdgeDriver
	at org.openqa.selenium.json.JsonInput.peek(JsonInput.java:121)
	at org.openqa.selenium.json.JsonTypeCoercer.lambda$null$6(JsonTypeCoercer.java:137)
	at org.openqa.selenium.json.JsonTypeCoercer.coerce(JsonTypeCoercer.java:123)
	at org.openqa.selenium.json.Json.toType(Json.java:60)
	at org.openqa.selenium.json.Json.toType(Json.java:50)
	at org.openqa.selenium.remote.ProtocolHandshake.createSession(ProtocolHandshake.java:108)
	... 29 more
]]>
    </failure>
  </testcase> <!-- PartnersPageContent -->
  <testcase name="PrivacyPageContent" time="6.533" classname="com.cloudents.AutomationTest.CloudentsAutoTests"/>
  <testcase name="RepsPageContent" time="21.450" classname="com.cloudents.AutomationTest.CloudentsAutoTests">
    <failure type="org.openqa.selenium.NoSuchElementException" message="Unable to find element with xpath == /html/body/div[1]/div[1]/div/main/div/div[2]/div[2]/div
For documentation on this error, please visit: http://seleniumhq.org/exceptions/no_such_element.html
Build info: version: &#039;3.14.0&#039;, revision: &#039;aacccce0&#039;, time: &#039;2018-08-02T20:19:58.91Z&#039;
System info: host: &#039;EIDAN-DESKTOP&#039;, ip: &#039;192.168.2.62&#039;, os.name: &#039;Windows 10&#039;, os.arch: &#039;amd64&#039;, os.version: &#039;10.0&#039;, java.version: &#039;1.8.0_181&#039;
Driver info: org.openqa.selenium.ie.InternetExplorerDriver
Capabilities {acceptInsecureCerts: false, browserName: internet explorer, browserVersion: 11, javascriptEnabled: true, pageLoadStrategy: normal, platform: WINDOWS, platformName: WINDOWS, proxy: Proxy(), se:ieOptions: {browserAttachTimeout: 0, elementScrollBehavior: 0, enablePersistentHover: true, ie.browserCommandLineSwitches: , ie.ensureCleanSession: false, ie.fileUploadDialogTimeout: 3000, ie.forceCreateProcessApi: false, ignoreProtectedModeSettings: false, ignoreZoomSetting: false, initialBrowserUrl: http://localhost:39380/, nativeEvents: true, requireWindowFocus: false}, setWindowRect: true, timeouts: {implicit: 0, pageLoad: 300000, script: 30000}}
Session ID: 789cbe1a-0e45-4720-be89-9af0d715d7c0
*** Element info: {Using=xpath, value=/html/body/div[1]/div[1]/div/main/div/div[2]/div[2]/div}">
      <![CDATA[org.openqa.selenium.NoSuchElementException: Unable to find element with xpath == /html/body/div[1]/div[1]/div/main/div/div[2]/div[2]/div
For documentation on this error, please visit: http://seleniumhq.org/exceptions/no_such_element.html
Build info: version: '3.14.0', revision: 'aacccce0', time: '2018-08-02T20:19:58.91Z'
System info: host: 'EIDAN-DESKTOP', ip: '192.168.2.62', os.name: 'Windows 10', os.arch: 'amd64', os.version: '10.0', java.version: '1.8.0_181'
Driver info: org.openqa.selenium.ie.InternetExplorerDriver
Capabilities {acceptInsecureCerts: false, browserName: internet explorer, browserVersion: 11, javascriptEnabled: true, pageLoadStrategy: normal, platform: WINDOWS, platformName: WINDOWS, proxy: Proxy(), se:ieOptions: {browserAttachTimeout: 0, elementScrollBehavior: 0, enablePersistentHover: true, ie.browserCommandLineSwitches: , ie.ensureCleanSession: false, ie.fileUploadDialogTimeout: 3000, ie.forceCreateProcessApi: false, ignoreProtectedModeSettings: false, ignoreZoomSetting: false, initialBrowserUrl: http://localhost:39380/, nativeEvents: true, requireWindowFocus: false}, setWindowRect: true, timeouts: {implicit: 0, pageLoad: 300000, script: 30000}}
Session ID: 789cbe1a-0e45-4720-be89-9af0d715d7c0
*** Element info: {Using=xpath, value=/html/body/div[1]/div[1]/div/main/div/div[2]/div[2]/div}
	at sun.reflect.NativeConstructorAccessorImpl.newInstance0(Native Method)
	at sun.reflect.NativeConstructorAccessorImpl.newInstance(NativeConstructorAccessorImpl.java:62)
	at sun.reflect.DelegatingConstructorAccessorImpl.newInstance(DelegatingConstructorAccessorImpl.java:45)
	at java.lang.reflect.Constructor.newInstance(Constructor.java:423)
	at org.openqa.selenium.remote.http.W3CHttpResponseCodec.createException(W3CHttpResponseCodec.java:187)
	at org.openqa.selenium.remote.http.W3CHttpResponseCodec.decode(W3CHttpResponseCodec.java:122)
	at org.openqa.selenium.remote.http.W3CHttpResponseCodec.decode(W3CHttpResponseCodec.java:49)
	at org.openqa.selenium.remote.HttpCommandExecutor.execute(HttpCommandExecutor.java:158)
	at org.openqa.selenium.remote.service.DriverCommandExecutor.execute(DriverCommandExecutor.java:83)
	at org.openqa.selenium.remote.RemoteWebDriver.execute(RemoteWebDriver.java:548)
	at org.openqa.selenium.remote.RemoteWebDriver.findElement(RemoteWebDriver.java:322)
	at org.openqa.selenium.remote.RemoteWebDriver.findElementByXPath(RemoteWebDriver.java:424)
	at org.openqa.selenium.By$ByXPath.findElement(By.java:353)
	at org.openqa.selenium.remote.RemoteWebDriver.findElement(RemoteWebDriver.java:314)
	at org.openqa.selenium.support.pagefactory.DefaultElementLocator.findElement(DefaultElementLocator.java:69)
	at org.openqa.selenium.support.pagefactory.internal.LocatingElementHandler.invoke(LocatingElementHandler.java:38)
	at com.sun.proxy.$Proxy9.getText(Unknown Source)
	at com.cloudents.AutomationTest.CloudentsAutoTests.RepsPageContent(CloudentsAutoTests.java:421)
	at sun.reflect.NativeMethodAccessorImpl.invoke0(Native Method)
	at sun.reflect.NativeMethodAccessorImpl.invoke(NativeMethodAccessorImpl.java:62)
	at sun.reflect.DelegatingMethodAccessorImpl.invoke(DelegatingMethodAccessorImpl.java:43)
	at java.lang.reflect.Method.invoke(Method.java:498)
	at org.testng.internal.MethodInvocationHelper.invokeMethod(MethodInvocationHelper.java:84)
	at org.testng.internal.Invoker.invokeMethod(Invoker.java:714)
	at org.testng.internal.Invoker.invokeTestMethod(Invoker.java:901)
	at org.testng.internal.Invoker.invokeTestMethods(Invoker.java:1231)
	at org.testng.internal.TestMethodWorker.invokeTestMethods(TestMethodWorker.java:127)
	at org.testng.internal.TestMethodWorker.run(TestMethodWorker.java:111)
	at org.testng.TestRunner.privateRun(TestRunner.java:767)
	at org.testng.TestRunner.run(TestRunner.java:617)
	at org.testng.SuiteRunner.runTest(SuiteRunner.java:334)
	at org.testng.SuiteRunner.access$000(SuiteRunner.java:37)
	at org.testng.SuiteRunner$SuiteWorker.run(SuiteRunner.java:368)
	at org.testng.internal.thread.ThreadUtil$2.call(ThreadUtil.java:64)
	at java.util.concurrent.FutureTask.run(FutureTask.java:266)
	at java.util.concurrent.ThreadPoolExecutor.runWorker(ThreadPoolExecutor.java:1149)
	at java.util.concurrent.ThreadPoolExecutor$Worker.run(ThreadPoolExecutor.java:624)
	at java.lang.Thread.run(Thread.java:748)
]]>
    </failure>
  </testcase> <!-- RepsPageContent -->
</testsuite> <!-- com.cloudents.AutomationTest.CloudentsAutoTests -->
